This is pdfTeX, Version 3.1415926-2.5-1.40.14 (TeX Live 2013) (format=pdflatex 2014.5.9)  4 JUN 2014 23:02
entering extended mode
 restricted \write18 enabled.
 %&-line parsing enabled.
**_core.tex
(./_core.tex
LaTeX2e <2011/06/27>
Babel <3.9f> and hyphenation patterns for 78 languages loaded.
(/usr/local/texlive/2013/texmf-dist/tex/latex/base/article.cls
Document Class: article 2007/10/19 v1.4h Standard LaTeX document class
(/usr/local/texlive/2013/texmf-dist/tex/latex/base/size10.clo
File: size10.clo 2007/10/19 v1.4h Standard LaTeX file (size option)
)
\c@part=\count79
\c@section=\count80
\c@subsection=\count81
\c@subsubsection=\count82
\c@paragraph=\count83
\c@subparagraph=\count84
\c@figure=\count85
\c@table=\count86
\abovecaptionskip=\skip41
\belowcaptionskip=\skip42
\bibindent=\dimen102
)
(/usr/local/texlive/2013/texmf-dist/tex/latex/extsizes/extsizes.sty
Package: extsizes 1996/10/08 v1.0 Non Standard LaTeX Package


Package ExtSizes Warning: It is better to use one of the extsizes classes,
 if you can.

(/usr/local/texlive/2013/texmf-dist/tex/latex/extsizes/size14.clo
File: size14.clo 1999/11/11 v1.4a NON-Standard LaTeX file (size option)
))
(/usr/local/texlive/2013/texmf-dist/tex/latex/cmap/cmap.sty
Package: cmap 2008/03/06 v1.0h CMap support: searchable PDF
)
(/usr/local/texlive/2013/texmf-dist/tex/latex/t2/mathtext.sty
Package: mathtext 1999/01/28 v1.0 transparent text-and-math defs
LaTeX Info: Redefining \halign on input line 111.
)
(/usr/local/texlive/2013/texmf-dist/tex/latex/multirow/multirow.sty
\bigstrutjot=\dimen103
)
(/usr/local/texlive/2013/texmf-dist/tex/latex/base/fontenc.sty
Package: fontenc 2005/09/27 v1.99g Standard LaTeX package

(/usr/local/texlive/2013/texmf-dist/tex/latex/base/t1enc.def
File: t1enc.def 2005/09/27 v1.99g Standard LaTeX file
LaTeX Font Info:    Redeclaring font encoding T1 on input line 43.
\symT1letters=\mathgroup4
)
(/usr/local/texlive/2013/texmf-dist/tex/latex/cyrillic/t2aenc.def
File: t2aenc.def 2005/09/27 v1.0i Cyrillic encoding definition file
\symT2Aletters=\mathgroup5
)
(/usr/local/texlive/2013/texmf-dist/tex/latex/base/ts1enc.def
File: ts1enc.def 2001/06/05 v3.0e (jk/car/fm) Standard LaTeX file
\symTS1letters=\mathgroup6
)
LaTeX Font Info:    Try loading font information for TS1+cmr on input line 100.


(/usr/local/texlive/2013/texmf-dist/tex/latex/base/ts1cmr.fd
File: ts1cmr.fd 1999/05/25 v2.5h Standard LaTeX font definitions
))
(/usr/local/texlive/2013/texmf-dist/tex/latex/paratype/paratype.sty
Package: paratype 2012/01/24 Style file for package paratype.

(/usr/local/texlive/2013/texmf-dist/tex/latex/paratype/PTSans.sty
Package: PTSans 2011/02/09 Style file for PTSans.

(/usr/local/texlive/2013/texmf-dist/tex/latex/graphics/keyval.sty
Package: keyval 1999/03/16 v1.13 key=value parser (DPC)
\KV@toks@=\toks14
))
(/usr/local/texlive/2013/texmf-dist/tex/latex/paratype/PTSerif.sty
Package: PTSerif 2011/02/10 Style file for PTSerif.
)
(/usr/local/texlive/2013/texmf-dist/tex/latex/paratype/PTMono.sty
Package: PTMono 2012/01/24 Style file for PTMono.
))
(/usr/local/texlive/2013/texmf-dist/tex/latex/base/inputenc.sty
Package: inputenc 2008/03/30 v1.1d Input encoding file
\inpenc@prehook=\toks15
\inpenc@posthook=\toks16

(/usr/local/texlive/2013/texmf-dist/tex/latex/base/utf8.def
File: utf8.def 2008/04/05 v1.1m UTF-8 support for inputenc
Now handling font encoding OML ...
... no UTF-8 mapping file for font encoding OML
Now handling font encoding T1 ...
... processing UTF-8 mapping file for font encoding T1

(/usr/local/texlive/2013/texmf-dist/tex/latex/base/t1enc.dfu
File: t1enc.dfu 2008/04/05 v1.1m UTF-8 support for inputenc
   defining Unicode char U+00A1 (decimal 161)
   defining Unicode char U+00A3 (decimal 163)
   defining Unicode char U+00AB (decimal 171)
   defining Unicode char U+00BB (decimal 187)
   defining Unicode char U+00BF (decimal 191)
   defining Unicode char U+00C0 (decimal 192)
   defining Unicode char U+00C1 (decimal 193)
   defining Unicode char U+00C2 (decimal 194)
   defining Unicode char U+00C3 (decimal 195)
   defining Unicode char U+00C4 (decimal 196)
   defining Unicode char U+00C5 (decimal 197)
   defining Unicode char U+00C6 (decimal 198)
   defining Unicode char U+00C7 (decimal 199)
   defining Unicode char U+00C8 (decimal 200)
   defining Unicode char U+00C9 (decimal 201)
   defining Unicode char U+00CA (decimal 202)
   defining Unicode char U+00CB (decimal 203)
   defining Unicode char U+00CC (decimal 204)
   defining Unicode char U+00CD (decimal 205)
   defining Unicode char U+00CE (decimal 206)
   defining Unicode char U+00CF (decimal 207)
   defining Unicode char U+00D0 (decimal 208)
   defining Unicode char U+00D1 (decimal 209)
   defining Unicode char U+00D2 (decimal 210)
   defining Unicode char U+00D3 (decimal 211)
   defining Unicode char U+00D4 (decimal 212)
   defining Unicode char U+00D5 (decimal 213)
   defining Unicode char U+00D6 (decimal 214)
   defining Unicode char U+00D8 (decimal 216)
   defining Unicode char U+00D9 (decimal 217)
   defining Unicode char U+00DA (decimal 218)
   defining Unicode char U+00DB (decimal 219)
   defining Unicode char U+00DC (decimal 220)
   defining Unicode char U+00DD (decimal 221)
   defining Unicode char U+00DE (decimal 222)
   defining Unicode char U+00DF (decimal 223)
   defining Unicode char U+00E0 (decimal 224)
   defining Unicode char U+00E1 (decimal 225)
   defining Unicode char U+00E2 (decimal 226)
   defining Unicode char U+00E3 (decimal 227)
   defining Unicode char U+00E4 (decimal 228)
   defining Unicode char U+00E5 (decimal 229)
   defining Unicode char U+00E6 (decimal 230)
   defining Unicode char U+00E7 (decimal 231)
   defining Unicode char U+00E8 (decimal 232)
   defining Unicode char U+00E9 (decimal 233)
   defining Unicode char U+00EA (decimal 234)
   defining Unicode char U+00EB (decimal 235)
   defining Unicode char U+00EC (decimal 236)
   defining Unicode char U+00ED (decimal 237)
   defining Unicode char U+00EE (decimal 238)
   defining Unicode char U+00EF (decimal 239)
   defining Unicode char U+00F0 (decimal 240)
   defining Unicode char U+00F1 (decimal 241)
   defining Unicode char U+00F2 (decimal 242)
   defining Unicode char U+00F3 (decimal 243)
   defining Unicode char U+00F4 (decimal 244)
   defining Unicode char U+00F5 (decimal 245)
   defining Unicode char U+00F6 (decimal 246)
   defining Unicode char U+00F8 (decimal 248)
   defining Unicode char U+00F9 (decimal 249)
   defining Unicode char U+00FA (decimal 250)
   defining Unicode char U+00FB (decimal 251)
   defining Unicode char U+00FC (decimal 252)
   defining Unicode char U+00FD (decimal 253)
   defining Unicode char U+00FE (decimal 254)
   defining Unicode char U+00FF (decimal 255)
   defining Unicode char U+0102 (decimal 258)
   defining Unicode char U+0103 (decimal 259)
   defining Unicode char U+0104 (decimal 260)
   defining Unicode char U+0105 (decimal 261)
   defining Unicode char U+0106 (decimal 262)
   defining Unicode char U+0107 (decimal 263)
   defining Unicode char U+010C (decimal 268)
   defining Unicode char U+010D (decimal 269)
   defining Unicode char U+010E (decimal 270)
   defining Unicode char U+010F (decimal 271)
   defining Unicode char U+0110 (decimal 272)
   defining Unicode char U+0111 (decimal 273)
   defining Unicode char U+0118 (decimal 280)
   defining Unicode char U+0119 (decimal 281)
   defining Unicode char U+011A (decimal 282)
   defining Unicode char U+011B (decimal 283)
   defining Unicode char U+011E (decimal 286)
   defining Unicode char U+011F (decimal 287)
   defining Unicode char U+0130 (decimal 304)
   defining Unicode char U+0131 (decimal 305)
   defining Unicode char U+0132 (decimal 306)
   defining Unicode char U+0133 (decimal 307)
   defining Unicode char U+0139 (decimal 313)
   defining Unicode char U+013A (decimal 314)
   defining Unicode char U+013D (decimal 317)
   defining Unicode char U+013E (decimal 318)
   defining Unicode char U+0141 (decimal 321)
   defining Unicode char U+0142 (decimal 322)
   defining Unicode char U+0143 (decimal 323)
   defining Unicode char U+0144 (decimal 324)
   defining Unicode char U+0147 (decimal 327)
   defining Unicode char U+0148 (decimal 328)
   defining Unicode char U+014A (decimal 330)
   defining Unicode char U+014B (decimal 331)
   defining Unicode char U+0150 (decimal 336)
   defining Unicode char U+0151 (decimal 337)
   defining Unicode char U+0152 (decimal 338)
   defining Unicode char U+0153 (decimal 339)
   defining Unicode char U+0154 (decimal 340)
   defining Unicode char U+0155 (decimal 341)
   defining Unicode char U+0158 (decimal 344)
   defining Unicode char U+0159 (decimal 345)
   defining Unicode char U+015A (decimal 346)
   defining Unicode char U+015B (decimal 347)
   defining Unicode char U+015E (decimal 350)
   defining Unicode char U+015F (decimal 351)
   defining Unicode char U+0160 (decimal 352)
   defining Unicode char U+0161 (decimal 353)
   defining Unicode char U+0162 (decimal 354)
   defining Unicode char U+0163 (decimal 355)
   defining Unicode char U+0164 (decimal 356)
   defining Unicode char U+0165 (decimal 357)
   defining Unicode char U+016E (decimal 366)
   defining Unicode char U+016F (decimal 367)
   defining Unicode char U+0170 (decimal 368)
   defining Unicode char U+0171 (decimal 369)
   defining Unicode char U+0178 (decimal 376)
   defining Unicode char U+0179 (decimal 377)
   defining Unicode char U+017A (decimal 378)
   defining Unicode char U+017B (decimal 379)
   defining Unicode char U+017C (decimal 380)
   defining Unicode char U+017D (decimal 381)
   defining Unicode char U+017E (decimal 382)
   defining Unicode char U+200C (decimal 8204)
   defining Unicode char U+2013 (decimal 8211)
   defining Unicode char U+2014 (decimal 8212)
   defining Unicode char U+2018 (decimal 8216)
   defining Unicode char U+2019 (decimal 8217)
   defining Unicode char U+201A (decimal 8218)
   defining Unicode char U+201C (decimal 8220)
   defining Unicode char U+201D (decimal 8221)
   defining Unicode char U+201E (decimal 8222)
   defining Unicode char U+2030 (decimal 8240)
   defining Unicode char U+2031 (decimal 8241)
   defining Unicode char U+2039 (decimal 8249)
   defining Unicode char U+203A (decimal 8250)
   defining Unicode char U+2423 (decimal 9251)
)
Now handling font encoding OT1 ...
... processing UTF-8 mapping file for font encoding OT1

(/usr/local/texlive/2013/texmf-dist/tex/latex/base/ot1enc.dfu
File: ot1enc.dfu 2008/04/05 v1.1m UTF-8 support for inputenc
   defining Unicode char U+00A1 (decimal 161)
   defining Unicode char U+00A3 (decimal 163)
   defining Unicode char U+00B8 (decimal 184)
   defining Unicode char U+00BF (decimal 191)
   defining Unicode char U+00C5 (decimal 197)
   defining Unicode char U+00C6 (decimal 198)
   defining Unicode char U+00D8 (decimal 216)
   defining Unicode char U+00DF (decimal 223)
   defining Unicode char U+00E6 (decimal 230)
   defining Unicode char U+00EC (decimal 236)
   defining Unicode char U+00ED (decimal 237)
   defining Unicode char U+00EE (decimal 238)
   defining Unicode char U+00EF (decimal 239)
   defining Unicode char U+00F8 (decimal 248)
   defining Unicode char U+0131 (decimal 305)
   defining Unicode char U+0141 (decimal 321)
   defining Unicode char U+0142 (decimal 322)
   defining Unicode char U+0152 (decimal 338)
   defining Unicode char U+0153 (decimal 339)
   defining Unicode char U+2013 (decimal 8211)
   defining Unicode char U+2014 (decimal 8212)
   defining Unicode char U+2018 (decimal 8216)
   defining Unicode char U+2019 (decimal 8217)
   defining Unicode char U+201C (decimal 8220)
   defining Unicode char U+201D (decimal 8221)
)
Now handling font encoding OMS ...
... processing UTF-8 mapping file for font encoding OMS

(/usr/local/texlive/2013/texmf-dist/tex/latex/base/omsenc.dfu
File: omsenc.dfu 2008/04/05 v1.1m UTF-8 support for inputenc
   defining Unicode char U+00A7 (decimal 167)
   defining Unicode char U+00B6 (decimal 182)
   defining Unicode char U+00B7 (decimal 183)
   defining Unicode char U+2020 (decimal 8224)
   defining Unicode char U+2021 (decimal 8225)
   defining Unicode char U+2022 (decimal 8226)
)
Now handling font encoding OMX ...
... no UTF-8 mapping file for font encoding OMX
Now handling font encoding U ...
... no UTF-8 mapping file for font encoding U
Now handling font encoding T2A ...
... processing UTF-8 mapping file for font encoding T2A

(/usr/local/texlive/2013/texmf-dist/tex/latex/base/t2aenc.dfu
File: t2aenc.dfu 2008/04/05 v1.1m UTF-8 support for inputenc
   defining Unicode char U+00A4 (decimal 164)
   defining Unicode char U+00A7 (decimal 167)
   defining Unicode char U+00AB (decimal 171)
   defining Unicode char U+00BB (decimal 187)
   defining Unicode char U+0131 (decimal 305)
   defining Unicode char U+0400 (decimal 1024)
   defining Unicode char U+0401 (decimal 1025)
   defining Unicode char U+0402 (decimal 1026)
   defining Unicode char U+0403 (decimal 1027)
   defining Unicode char U+0404 (decimal 1028)
   defining Unicode char U+0405 (decimal 1029)
   defining Unicode char U+0406 (decimal 1030)
   defining Unicode char U+0407 (decimal 1031)
   defining Unicode char U+0408 (decimal 1032)
   defining Unicode char U+0409 (decimal 1033)
   defining Unicode char U+040A (decimal 1034)
   defining Unicode char U+040B (decimal 1035)
   defining Unicode char U+040C (decimal 1036)
   defining Unicode char U+040D (decimal 1037)
   defining Unicode char U+040E (decimal 1038)
   defining Unicode char U+040F (decimal 1039)
   defining Unicode char U+0410 (decimal 1040)
   defining Unicode char U+0411 (decimal 1041)
   defining Unicode char U+0412 (decimal 1042)
   defining Unicode char U+0413 (decimal 1043)
   defining Unicode char U+0414 (decimal 1044)
   defining Unicode char U+0415 (decimal 1045)
   defining Unicode char U+0416 (decimal 1046)
   defining Unicode char U+0417 (decimal 1047)
   defining Unicode char U+0418 (decimal 1048)
   defining Unicode char U+0419 (decimal 1049)
   defining Unicode char U+041A (decimal 1050)
   defining Unicode char U+041B (decimal 1051)
   defining Unicode char U+041C (decimal 1052)
   defining Unicode char U+041D (decimal 1053)
   defining Unicode char U+041E (decimal 1054)
   defining Unicode char U+041F (decimal 1055)
   defining Unicode char U+0420 (decimal 1056)
   defining Unicode char U+0421 (decimal 1057)
   defining Unicode char U+0422 (decimal 1058)
   defining Unicode char U+0423 (decimal 1059)
   defining Unicode char U+0424 (decimal 1060)
   defining Unicode char U+0425 (decimal 1061)
   defining Unicode char U+0426 (decimal 1062)
   defining Unicode char U+0427 (decimal 1063)
   defining Unicode char U+0428 (decimal 1064)
   defining Unicode char U+0429 (decimal 1065)
   defining Unicode char U+042A (decimal 1066)
   defining Unicode char U+042B (decimal 1067)
   defining Unicode char U+042C (decimal 1068)
   defining Unicode char U+042D (decimal 1069)
   defining Unicode char U+042E (decimal 1070)
   defining Unicode char U+042F (decimal 1071)
   defining Unicode char U+0430 (decimal 1072)
   defining Unicode char U+0431 (decimal 1073)
   defining Unicode char U+0432 (decimal 1074)
   defining Unicode char U+0433 (decimal 1075)
   defining Unicode char U+0434 (decimal 1076)
   defining Unicode char U+0435 (decimal 1077)
   defining Unicode char U+0436 (decimal 1078)
   defining Unicode char U+0437 (decimal 1079)
   defining Unicode char U+0438 (decimal 1080)
   defining Unicode char U+0439 (decimal 1081)
   defining Unicode char U+043A (decimal 1082)
   defining Unicode char U+043B (decimal 1083)
   defining Unicode char U+043C (decimal 1084)
   defining Unicode char U+043D (decimal 1085)
   defining Unicode char U+043E (decimal 1086)
   defining Unicode char U+043F (decimal 1087)
   defining Unicode char U+0440 (decimal 1088)
   defining Unicode char U+0441 (decimal 1089)
   defining Unicode char U+0442 (decimal 1090)
   defining Unicode char U+0443 (decimal 1091)
   defining Unicode char U+0444 (decimal 1092)
   defining Unicode char U+0445 (decimal 1093)
   defining Unicode char U+0446 (decimal 1094)
   defining Unicode char U+0447 (decimal 1095)
   defining Unicode char U+0448 (decimal 1096)
   defining Unicode char U+0449 (decimal 1097)
   defining Unicode char U+044A (decimal 1098)
   defining Unicode char U+044B (decimal 1099)
   defining Unicode char U+044C (decimal 1100)
   defining Unicode char U+044D (decimal 1101)
   defining Unicode char U+044E (decimal 1102)
   defining Unicode char U+044F (decimal 1103)
   defining Unicode char U+0450 (decimal 1104)
   defining Unicode char U+0451 (decimal 1105)
   defining Unicode char U+0452 (decimal 1106)
   defining Unicode char U+0453 (decimal 1107)
   defining Unicode char U+0454 (decimal 1108)
   defining Unicode char U+0455 (decimal 1109)
   defining Unicode char U+0456 (decimal 1110)
   defining Unicode char U+0457 (decimal 1111)
   defining Unicode char U+0458 (decimal 1112)
   defining Unicode char U+0459 (decimal 1113)
   defining Unicode char U+045A (decimal 1114)
   defining Unicode char U+045B (decimal 1115)
   defining Unicode char U+045C (decimal 1116)
   defining Unicode char U+045D (decimal 1117)
   defining Unicode char U+045E (decimal 1118)
   defining Unicode char U+045F (decimal 1119)
   defining Unicode char U+0490 (decimal 1168)
   defining Unicode char U+0491 (decimal 1169)
   defining Unicode char U+0492 (decimal 1170)
   defining Unicode char U+0493 (decimal 1171)
   defining Unicode char U+0496 (decimal 1174)
   defining Unicode char U+0497 (decimal 1175)
   defining Unicode char U+0498 (decimal 1176)
   defining Unicode char U+0499 (decimal 1177)
   defining Unicode char U+049A (decimal 1178)
   defining Unicode char U+049B (decimal 1179)
   defining Unicode char U+049C (decimal 1180)
   defining Unicode char U+049D (decimal 1181)
   defining Unicode char U+04A0 (decimal 1184)
   defining Unicode char U+04A1 (decimal 1185)
   defining Unicode char U+04A2 (decimal 1186)
   defining Unicode char U+04A3 (decimal 1187)
   defining Unicode char U+04A4 (decimal 1188)
   defining Unicode char U+04A5 (decimal 1189)
   defining Unicode char U+04AA (decimal 1194)
   defining Unicode char U+04AB (decimal 1195)
   defining Unicode char U+04AE (decimal 1198)
   defining Unicode char U+04AF (decimal 1199)
   defining Unicode char U+04B0 (decimal 1200)
   defining Unicode char U+04B1 (decimal 1201)
   defining Unicode char U+04B2 (decimal 1202)
   defining Unicode char U+04B3 (decimal 1203)
   defining Unicode char U+04B6 (decimal 1206)
   defining Unicode char U+04B7 (decimal 1207)
   defining Unicode char U+04B8 (decimal 1208)
   defining Unicode char U+04B9 (decimal 1209)
   defining Unicode char U+04BA (decimal 1210)
   defining Unicode char U+04BB (decimal 1211)
   defining Unicode char U+04C0 (decimal 1216)
   defining Unicode char U+04C1 (decimal 1217)
   defining Unicode char U+04C2 (decimal 1218)
   defining Unicode char U+04D0 (decimal 1232)
   defining Unicode char U+04D1 (decimal 1233)
   defining Unicode char U+04D2 (decimal 1234)
   defining Unicode char U+04D3 (decimal 1235)
   defining Unicode char U+04D4 (decimal 1236)
   defining Unicode char U+04D5 (decimal 1237)
   defining Unicode char U+04D6 (decimal 1238)
   defining Unicode char U+04D7 (decimal 1239)
   defining Unicode char U+04D8 (decimal 1240)
   defining Unicode char U+04D9 (decimal 1241)
   defining Unicode char U+04DA (decimal 1242)
   defining Unicode char U+04DB (decimal 1243)
   defining Unicode char U+04DC (decimal 1244)
   defining Unicode char U+04DD (decimal 1245)
   defining Unicode char U+04DE (decimal 1246)
   defining Unicode char U+04DF (decimal 1247)
   defining Unicode char U+04E2 (decimal 1250)
   defining Unicode char U+04E3 (decimal 1251)
   defining Unicode char U+04E4 (decimal 1252)
   defining Unicode char U+04E5 (decimal 1253)
   defining Unicode char U+04E6 (decimal 1254)
   defining Unicode char U+04E7 (decimal 1255)
   defining Unicode char U+04E8 (decimal 1256)
   defining Unicode char U+04E9 (decimal 1257)
   defining Unicode char U+04EC (decimal 1260)
   defining Unicode char U+04ED (decimal 1261)
   defining Unicode char U+04EE (decimal 1262)
   defining Unicode char U+04EF (decimal 1263)
   defining Unicode char U+04F0 (decimal 1264)
   defining Unicode char U+04F1 (decimal 1265)
   defining Unicode char U+04F2 (decimal 1266)
   defining Unicode char U+04F3 (decimal 1267)
   defining Unicode char U+04F4 (decimal 1268)
   defining Unicode char U+04F5 (decimal 1269)
   defining Unicode char U+04F8 (decimal 1272)
   defining Unicode char U+04F9 (decimal 1273)
   defining Unicode char U+200C (decimal 8204)
   defining Unicode char U+2013 (decimal 8211)
   defining Unicode char U+2014 (decimal 8212)
   defining Unicode char U+2018 (decimal 8216)
   defining Unicode char U+2019 (decimal 8217)
   defining Unicode char U+201C (decimal 8220)
   defining Unicode char U+201D (decimal 8221)
   defining Unicode char U+201E (decimal 8222)
   defining Unicode char U+2030 (decimal 8240)
   defining Unicode char U+2031 (decimal 8241)
   defining Unicode char U+2116 (decimal 8470)
   defining Unicode char U+2329 (decimal 9001)
   defining Unicode char U+232A (decimal 9002)
   defining Unicode char U+2423 (decimal 9251)
)
Now handling font encoding TS1 ...
... processing UTF-8 mapping file for font encoding TS1

(/usr/local/texlive/2013/texmf-dist/tex/latex/base/ts1enc.dfu
File: ts1enc.dfu 2008/04/05 v1.1m UTF-8 support for inputenc
   defining Unicode char U+00A2 (decimal 162)
   defining Unicode char U+00A3 (decimal 163)
   defining Unicode char U+00A4 (decimal 164)
   defining Unicode char U+00A5 (decimal 165)
   defining Unicode char U+00A6 (decimal 166)
   defining Unicode char U+00A7 (decimal 167)
   defining Unicode char U+00A8 (decimal 168)
   defining Unicode char U+00A9 (decimal 169)
   defining Unicode char U+00AA (decimal 170)
   defining Unicode char U+00AC (decimal 172)
   defining Unicode char U+00AE (decimal 174)
   defining Unicode char U+00AF (decimal 175)
   defining Unicode char U+00B0 (decimal 176)
   defining Unicode char U+00B1 (decimal 177)
   defining Unicode char U+00B2 (decimal 178)
   defining Unicode char U+00B3 (decimal 179)
   defining Unicode char U+00B4 (decimal 180)
   defining Unicode char U+00B5 (decimal 181)
   defining Unicode char U+00B6 (decimal 182)
   defining Unicode char U+00B7 (decimal 183)
   defining Unicode char U+00B9 (decimal 185)
   defining Unicode char U+00BA (decimal 186)
   defining Unicode char U+00BC (decimal 188)
   defining Unicode char U+00BD (decimal 189)
   defining Unicode char U+00BE (decimal 190)
   defining Unicode char U+00D7 (decimal 215)
   defining Unicode char U+00F7 (decimal 247)
   defining Unicode char U+0192 (decimal 402)
   defining Unicode char U+02C7 (decimal 711)
   defining Unicode char U+02D8 (decimal 728)
   defining Unicode char U+02DD (decimal 733)
   defining Unicode char U+0E3F (decimal 3647)
   defining Unicode char U+2016 (decimal 8214)
   defining Unicode char U+2020 (decimal 8224)
   defining Unicode char U+2021 (decimal 8225)
   defining Unicode char U+2022 (decimal 8226)
   defining Unicode char U+2030 (decimal 8240)
   defining Unicode char U+2031 (decimal 8241)
   defining Unicode char U+203B (decimal 8251)
   defining Unicode char U+203D (decimal 8253)
   defining Unicode char U+2044 (decimal 8260)
   defining Unicode char U+204E (decimal 8270)
   defining Unicode char U+2052 (decimal 8274)
   defining Unicode char U+20A1 (decimal 8353)
   defining Unicode char U+20A4 (decimal 8356)
   defining Unicode char U+20A6 (decimal 8358)
   defining Unicode char U+20A9 (decimal 8361)
   defining Unicode char U+20AB (decimal 8363)
   defining Unicode char U+20AC (decimal 8364)
   defining Unicode char U+20B1 (decimal 8369)
   defining Unicode char U+2103 (decimal 8451)
   defining Unicode char U+2116 (decimal 8470)
   defining Unicode char U+2117 (decimal 8471)
   defining Unicode char U+211E (decimal 8478)
   defining Unicode char U+2120 (decimal 8480)
   defining Unicode char U+2122 (decimal 8482)
   defining Unicode char U+2126 (decimal 8486)
   defining Unicode char U+2127 (decimal 8487)
   defining Unicode char U+212E (decimal 8494)
   defining Unicode char U+2190 (decimal 8592)
   defining Unicode char U+2191 (decimal 8593)
   defining Unicode char U+2192 (decimal 8594)
   defining Unicode char U+2193 (decimal 8595)
   defining Unicode char U+2329 (decimal 9001)
   defining Unicode char U+232A (decimal 9002)
   defining Unicode char U+2422 (decimal 9250)
   defining Unicode char U+25E6 (decimal 9702)
   defining Unicode char U+25EF (decimal 9711)
   defining Unicode char U+266A (decimal 9834)
)
   defining Unicode char U+00A9 (decimal 169)
   defining Unicode char U+00AA (decimal 170)
   defining Unicode char U+00AE (decimal 174)
   defining Unicode char U+00BA (decimal 186)
   defining Unicode char U+02C6 (decimal 710)
   defining Unicode char U+02DC (decimal 732)
   defining Unicode char U+200C (decimal 8204)
   defining Unicode char U+2026 (decimal 8230)
   defining Unicode char U+2122 (decimal 8482)
   defining Unicode char U+2423 (decimal 9251)
))
(/usr/local/texlive/2013/texmf-dist/tex/generic/babel/babel.sty
Package: babel 2013/05/16 v3.9f The Babel package

(/usr/local/texlive/2013/texmf-dist/tex/generic/babel-russian/russianb.ldf
Language: russian 2013/04/13 1.3a Russian support from the babel system

(/usr/local/texlive/2013/texmf-dist/tex/generic/babel/babel.def
File: babel.def 2013/05/16 v3.9f Babel common definitions
\babel@savecnt=\count87
\U@D=\dimen104
)
Package babel Info: Making " an active character on input line 147.
))
(/usr/local/texlive/2013/texmf-dist/tex/latex/base/textcomp.sty
Package: textcomp 2005/09/27 v1.99g Standard LaTeX package
Package textcomp Info: Sub-encoding information:
(textcomp)               5 = only ISO-Adobe without \textcurrency
(textcomp)               4 = 5 + \texteuro
(textcomp)               3 = 4 + \textohm
(textcomp)               2 = 3 + \textestimated + \textcurrency
(textcomp)               1 = TS1 - \textcircled - \t
(textcomp)               0 = TS1 (full)
(textcomp)             Font families with sub-encoding setting implement
(textcomp)             only a restricted character set as indicated.
(textcomp)             Family '?' is the default used for unknown fonts.
(textcomp)             See the documentation for details.
Package textcomp Info: Setting ? sub-encoding to TS1/1 on input line 71.

(/usr/local/texlive/2013/texmf-dist/tex/latex/base/ts1enc.def
File: ts1enc.def 2001/06/05 v3.0e (jk/car/fm) Standard LaTeX file
LaTeX Font Info:    Redeclaring font encoding TS1 on input line 42.
LaTeX Font Info:    Redeclaring math symbol \TS1math\textcapitalcompwordmark on
 input line 65.
LaTeX Font Info:    Redeclaring math symbol \TS1math\textascendercompwordmark o
n input line 66.
LaTeX Font Info:    Redeclaring math symbol \TS1math\textquotestraightbase on i
nput line 67.
LaTeX Font Info:    Redeclaring math symbol \TS1math\textquotestraightdblbase o
n input line 68.
LaTeX Font Info:    Redeclaring math symbol \TS1math\texttwelveudash on input l
ine 69.
LaTeX Font Info:    Redeclaring math symbol \TS1math\textthreequartersemdash on
 input line 70.
LaTeX Font Info:    Redeclaring math symbol \TS1math\textleftarrow on input lin
e 71.
LaTeX Font Info:    Redeclaring math symbol \TS1math\textrightarrow on input li
ne 72.
LaTeX Font Info:    Redeclaring math symbol \TS1math\textblank on input line 73
.
LaTeX Font Info:    Redeclaring math symbol \TS1math\textdollar on input line 7
4.
LaTeX Font Info:    Redeclaring math symbol \TS1math\textquotesingle on input l
ine 75.
LaTeX Font Info:    Redeclaring math symbol \TS1math\textasteriskcentered on in
put line 76.
LaTeX Font Info:    Redeclaring math symbol \TS1math\textdblhyphen on input lin
e 77.
LaTeX Font Info:    Redeclaring math symbol \TS1math\textfractionsolidus on inp
ut line 78.
LaTeX Font Info:    Redeclaring math symbol \TS1math\textzerooldstyle on input 
line 79.
LaTeX Font Info:    Redeclaring math symbol \TS1math\textoneoldstyle on input l
ine 80.
LaTeX Font Info:    Redeclaring math symbol \TS1math\texttwooldstyle on input l
ine 81.
LaTeX Font Info:    Redeclaring math symbol \TS1math\textthreeoldstyle on input
 line 82.
LaTeX Font Info:    Redeclaring math symbol \TS1math\textfouroldstyle on input 
line 83.
LaTeX Font Info:    Redeclaring math symbol \TS1math\textfiveoldstyle on input 
line 84.
LaTeX Font Info:    Redeclaring math symbol \TS1math\textsixoldstyle on input l
ine 85.
LaTeX Font Info:    Redeclaring math symbol \TS1math\textsevenoldstyle on input
 line 86.
LaTeX Font Info:    Redeclaring math symbol \TS1math\texteightoldstyle on input
 line 87.
LaTeX Font Info:    Redeclaring math symbol \TS1math\textnineoldstyle on input 
line 88.
LaTeX Font Info:    Redeclaring math symbol \TS1math\textlangle on input line 8
9.
LaTeX Font Info:    Redeclaring math symbol \TS1math\textminus on input line 90
.
LaTeX Font Info:    Redeclaring math symbol \TS1math\textrangle on input line 9
1.
LaTeX Font Info:    Redeclaring math symbol \TS1math\textmho on input line 92.
LaTeX Font Info:    Redeclaring math symbol \TS1math\textbigcircle on input lin
e 93.
LaTeX Font Info:    Redeclaring math symbol \TS1math\textohm on input line 100.

LaTeX Font Info:    Redeclaring math symbol \TS1math\textlbrackdbl on input lin
e 101.
LaTeX Font Info:    Redeclaring math symbol \TS1math\textrbrackdbl on input lin
e 102.
LaTeX Font Info:    Redeclaring math symbol \TS1math\textuparrow on input line 
103.
LaTeX Font Info:    Redeclaring math symbol \TS1math\textdownarrow on input lin
e 104.
LaTeX Font Info:    Redeclaring math symbol \TS1math\textasciigrave on input li
ne 105.
LaTeX Font Info:    Redeclaring math symbol \TS1math\textborn on input line 106
.
LaTeX Font Info:    Redeclaring math symbol \TS1math\textdivorced on input line
 107.
LaTeX Font Info:    Redeclaring math symbol \TS1math\textdied on input line 108
.
LaTeX Font Info:    Redeclaring math symbol \TS1math\textleaf on input line 109
.
LaTeX Font Info:    Redeclaring math symbol \TS1math\textmarried on input line 
110.
LaTeX Font Info:    Redeclaring math symbol \TS1math\textmusicalnote on input l
ine 111.
LaTeX Font Info:    Redeclaring math symbol \TS1math\texttildelow on input line
 112.
LaTeX Font Info:    Redeclaring math symbol \TS1math\textdblhyphenchar on input
 line 113.
LaTeX Font Info:    Redeclaring math symbol \TS1math\textasciibreve on input li
ne 114.
LaTeX Font Info:    Redeclaring math symbol \TS1math\textasciicaron on input li
ne 115.
LaTeX Font Info:    Redeclaring math symbol \TS1math\textacutedbl on input line
 116.
LaTeX Font Info:    Redeclaring math symbol \TS1math\textgravedbl on input line
 117.
LaTeX Font Info:    Redeclaring math symbol \TS1math\textdagger on input line 1
18.
LaTeX Font Info:    Redeclaring math symbol \TS1math\textdaggerdbl on input lin
e 119.
LaTeX Font Info:    Redeclaring math symbol \TS1math\textbardbl on input line 1
20.
LaTeX Font Info:    Redeclaring math symbol \TS1math\textperthousand on input l
ine 121.
LaTeX Font Info:    Redeclaring math symbol \TS1math\textbullet on input line 1
22.
LaTeX Font Info:    Redeclaring math symbol \TS1math\textcelsius on input line 
123.
LaTeX Font Info:    Redeclaring math symbol \TS1math\textdollaroldstyle on inpu
t line 124.
LaTeX Font Info:    Redeclaring math symbol \TS1math\textcentoldstyle on input 
line 125.
LaTeX Font Info:    Redeclaring math symbol \TS1math\textflorin on input line 1
26.
LaTeX Font Info:    Redeclaring math symbol \TS1math\textcolonmonetary on input
 line 127.
LaTeX Font Info:    Redeclaring math symbol \TS1math\textwon on input line 128.

LaTeX Font Info:    Redeclaring math symbol \TS1math\textnaira on input line 12
9.
LaTeX Font Info:    Redeclaring math symbol \TS1math\textguarani on input line 
130.
LaTeX Font Info:    Redeclaring math symbol \TS1math\textpeso on input line 131
.
LaTeX Font Info:    Redeclaring math symbol \TS1math\textlira on input line 132
.
LaTeX Font Info:    Redeclaring math symbol \TS1math\textrecipe on input line 1
33.
LaTeX Font Info:    Redeclaring math symbol \TS1math\textinterrobang on input l
ine 134.
LaTeX Font Info:    Redeclaring math symbol \TS1math\textinterrobangdown on inp
ut line 135.
LaTeX Font Info:    Redeclaring math symbol \TS1math\textdong on input line 136
.
LaTeX Font Info:    Redeclaring math symbol \TS1math\texttrademark on input lin
e 137.
LaTeX Font Info:    Redeclaring math symbol \TS1math\textpertenthousand on inpu
t line 138.
LaTeX Font Info:    Redeclaring math symbol \TS1math\textpilcrow on input line 
139.
LaTeX Font Info:    Redeclaring math symbol \TS1math\textbaht on input line 140
.
LaTeX Font Info:    Redeclaring math symbol \TS1math\textnumero on input line 1
41.
LaTeX Font Info:    Redeclaring math symbol \TS1math\textdiscount on input line
 142.
LaTeX Font Info:    Redeclaring math symbol \TS1math\textestimated on input lin
e 143.
LaTeX Font Info:    Redeclaring math symbol \TS1math\textopenbullet on input li
ne 144.
LaTeX Font Info:    Redeclaring math symbol \TS1math\textservicemark on input l
ine 145.
LaTeX Font Info:    Redeclaring math symbol \TS1math\textlquill on input line 1
46.
LaTeX Font Info:    Redeclaring math symbol \TS1math\textrquill on input line 1
47.
LaTeX Font Info:    Redeclaring math symbol \TS1math\textcent on input line 148
.
LaTeX Font Info:    Redeclaring math symbol \TS1math\textsterling on input line
 149.
LaTeX Font Info:    Redeclaring math symbol \TS1math\textcurrency on input line
 150.
LaTeX Font Info:    Redeclaring math symbol \TS1math\textyen on input line 151.

LaTeX Font Info:    Redeclaring math symbol \TS1math\textbrokenbar on input lin
e 152.
LaTeX Font Info:    Redeclaring math symbol \TS1math\textsection on input line 
153.
LaTeX Font Info:    Redeclaring math symbol \TS1math\textasciidieresis on input
 line 154.
LaTeX Font Info:    Redeclaring math symbol \TS1math\textcopyright on input lin
e 155.
LaTeX Font Info:    Redeclaring math symbol \TS1math\textordfeminine on input l
ine 156.
LaTeX Font Info:    Redeclaring math symbol \TS1math\textcopyleft on input line
 157.
LaTeX Font Info:    Redeclaring math symbol \TS1math\textlnot on input line 158
.
LaTeX Font Info:    Redeclaring math symbol \TS1math\textcircledP on input line
 159.
LaTeX Font Info:    Redeclaring math symbol \TS1math\textregistered on input li
ne 160.
LaTeX Font Info:    Redeclaring math symbol \TS1math\textasciimacron on input l
ine 161.
LaTeX Font Info:    Redeclaring math symbol \TS1math\textdegree on input line 1
62.
LaTeX Font Info:    Redeclaring math symbol \TS1math\textpm on input line 163.
LaTeX Font Info:    Redeclaring math symbol \TS1math\texttwosuperior on input l
ine 164.
LaTeX Font Info:    Redeclaring math symbol \TS1math\textthreesuperior on input
 line 165.
LaTeX Font Info:    Redeclaring math symbol \TS1math\textasciiacute on input li
ne 166.
LaTeX Font Info:    Redeclaring math symbol \TS1math\textmu on input line 167.
LaTeX Font Info:    Redeclaring math symbol \TS1math\textparagraph on input lin
e 168.
LaTeX Font Info:    Redeclaring math symbol \TS1math\textperiodcentered on inpu
t line 169.
LaTeX Font Info:    Redeclaring math symbol \TS1math\textreferencemark on input
 line 170.
LaTeX Font Info:    Redeclaring math symbol \TS1math\textonesuperior on input l
ine 171.
LaTeX Font Info:    Redeclaring math symbol \TS1math\textordmasculine on input 
line 172.
LaTeX Font Info:    Redeclaring math symbol \TS1math\textsurd on input line 173
.
LaTeX Font Info:    Redeclaring math symbol \TS1math\textonequarter on input li
ne 174.
LaTeX Font Info:    Redeclaring math symbol \TS1math\textonehalf on input line 
175.
LaTeX Font Info:    Redeclaring math symbol \TS1math\textthreequarters on input
 line 176.
LaTeX Font Info:    Redeclaring math symbol \TS1math\texteuro on input line 177
.
LaTeX Font Info:    Redeclaring math symbol \TS1math\texttimes on input line 17
8.
LaTeX Font Info:    Redeclaring math symbol \TS1math\textdiv on input line 179.

)
LaTeX Info: Redefining \oldstylenums on input line 266.
Package textcomp Info: Setting cmr sub-encoding to TS1/0 on input line 281.
Package textcomp Info: Setting cmss sub-encoding to TS1/0 on input line 282.
Package textcomp Info: Setting cmtt sub-encoding to TS1/0 on input line 283.
Package textcomp Info: Setting cmvtt sub-encoding to TS1/0 on input line 284.
Package textcomp Info: Setting cmbr sub-encoding to TS1/0 on input line 285.
Package textcomp Info: Setting cmtl sub-encoding to TS1/0 on input line 286.
Package textcomp Info: Setting ccr sub-encoding to TS1/0 on input line 287.
Package textcomp Info: Setting ptm sub-encoding to TS1/4 on input line 288.
Package textcomp Info: Setting pcr sub-encoding to TS1/4 on input line 289.
Package textcomp Info: Setting phv sub-encoding to TS1/4 on input line 290.
Package textcomp Info: Setting ppl sub-encoding to TS1/3 on input line 291.
Package textcomp Info: Setting pag sub-encoding to TS1/4 on input line 292.
Package textcomp Info: Setting pbk sub-encoding to TS1/4 on input line 293.
Package textcomp Info: Setting pnc sub-encoding to TS1/4 on input line 294.
Package textcomp Info: Setting pzc sub-encoding to TS1/4 on input line 295.
Package textcomp Info: Setting bch sub-encoding to TS1/4 on input line 296.
Package textcomp Info: Setting put sub-encoding to TS1/5 on input line 297.
Package textcomp Info: Setting uag sub-encoding to TS1/5 on input line 298.
Package textcomp Info: Setting ugq sub-encoding to TS1/5 on input line 299.
Package textcomp Info: Setting ul8 sub-encoding to TS1/4 on input line 300.
Package textcomp Info: Setting ul9 sub-encoding to TS1/4 on input line 301.
Package textcomp Info: Setting augie sub-encoding to TS1/5 on input line 302.
Package textcomp Info: Setting dayrom sub-encoding to TS1/3 on input line 303.
Package textcomp Info: Setting dayroms sub-encoding to TS1/3 on input line 304.

Package textcomp Info: Setting pxr sub-encoding to TS1/0 on input line 305.
Package textcomp Info: Setting pxss sub-encoding to TS1/0 on input line 306.
Package textcomp Info: Setting pxtt sub-encoding to TS1/0 on input line 307.
Package textcomp Info: Setting txr sub-encoding to TS1/0 on input line 308.
Package textcomp Info: Setting txss sub-encoding to TS1/0 on input line 309.
Package textcomp Info: Setting txtt sub-encoding to TS1/0 on input line 310.
Package textcomp Info: Setting lmr sub-encoding to TS1/0 on input line 311.
Package textcomp Info: Setting lmdh sub-encoding to TS1/0 on input line 312.
Package textcomp Info: Setting lmss sub-encoding to TS1/0 on input line 313.
Package textcomp Info: Setting lmssq sub-encoding to TS1/0 on input line 314.
Package textcomp Info: Setting lmvtt sub-encoding to TS1/0 on input line 315.
Package textcomp Info: Setting qhv sub-encoding to TS1/0 on input line 316.
Package textcomp Info: Setting qag sub-encoding to TS1/0 on input line 317.
Package textcomp Info: Setting qbk sub-encoding to TS1/0 on input line 318.
Package textcomp Info: Setting qcr sub-encoding to TS1/0 on input line 319.
Package textcomp Info: Setting qcs sub-encoding to TS1/0 on input line 320.
Package textcomp Info: Setting qpl sub-encoding to TS1/0 on input line 321.
Package textcomp Info: Setting qtm sub-encoding to TS1/0 on input line 322.
Package textcomp Info: Setting qzc sub-encoding to TS1/0 on input line 323.
Package textcomp Info: Setting qhvc sub-encoding to TS1/0 on input line 324.
Package textcomp Info: Setting futs sub-encoding to TS1/4 on input line 325.
Package textcomp Info: Setting futx sub-encoding to TS1/4 on input line 326.
Package textcomp Info: Setting futj sub-encoding to TS1/4 on input line 327.
Package textcomp Info: Setting hlh sub-encoding to TS1/3 on input line 328.
Package textcomp Info: Setting hls sub-encoding to TS1/3 on input line 329.
Package textcomp Info: Setting hlst sub-encoding to TS1/3 on input line 330.
Package textcomp Info: Setting hlct sub-encoding to TS1/5 on input line 331.
Package textcomp Info: Setting hlx sub-encoding to TS1/5 on input line 332.
Package textcomp Info: Setting hlce sub-encoding to TS1/5 on input line 333.
Package textcomp Info: Setting hlcn sub-encoding to TS1/5 on input line 334.
Package textcomp Info: Setting hlcw sub-encoding to TS1/5 on input line 335.
Package textcomp Info: Setting hlcf sub-encoding to TS1/5 on input line 336.
Package textcomp Info: Setting pplx sub-encoding to TS1/3 on input line 337.
Package textcomp Info: Setting pplj sub-encoding to TS1/3 on input line 338.
Package textcomp Info: Setting ptmx sub-encoding to TS1/4 on input line 339.
Package textcomp Info: Setting ptmj sub-encoding to TS1/4 on input line 340.
)
(/usr/local/texlive/2013/texmf-dist/tex/latex/url/url.sty
\Urlmuskip=\muskip10
Package: url 2006/04/12  ver 3.3  Verb mode for urls, etc.
)
(/usr/local/texlive/2013/texmf-dist/tex/latex/base/alltt.sty
Package: alltt 1997/06/16 v2.0g defines alltt environment
)
(/usr/local/texlive/2013/texmf-dist/tex/latex/geometry/geometry.sty
Package: geometry 2010/09/12 v5.6 Page Geometry

(/usr/local/texlive/2013/texmf-dist/tex/generic/oberdiek/ifpdf.sty
Package: ifpdf 2011/01/30 v2.3 Provides the ifpdf switch (HO)
Package ifpdf Info: pdfTeX in PDF mode is detected.
)
(/usr/local/texlive/2013/texmf-dist/tex/generic/oberdiek/ifvtex.sty
Package: ifvtex 2010/03/01 v1.5 Detect VTeX and its facilities (HO)
Package ifvtex Info: VTeX not detected.
)
(/usr/local/texlive/2013/texmf-dist/tex/generic/ifxetex/ifxetex.sty
Package: ifxetex 2010/09/12 v0.6 Provides ifxetex conditional
)
\Gm@cnth=\count88
\Gm@cntv=\count89
\c@Gm@tempcnt=\count90
\Gm@bindingoffset=\dimen105
\Gm@wd@mp=\dimen106
\Gm@odd@mp=\dimen107
\Gm@even@mp=\dimen108
\Gm@layoutwidth=\dimen109
\Gm@layoutheight=\dimen110
\Gm@layouthoffset=\dimen111
\Gm@layoutvoffset=\dimen112
\Gm@dimlist=\toks17
)
(/usr/local/texlive/2013/texmf-dist/tex/latex/graphics/graphicx.sty
Package: graphicx 1999/02/16 v1.0f Enhanced LaTeX Graphics (DPC,SPQR)

(/usr/local/texlive/2013/texmf-dist/tex/latex/graphics/graphics.sty
Package: graphics 2009/02/05 v1.0o Standard LaTeX Graphics (DPC,SPQR)

(/usr/local/texlive/2013/texmf-dist/tex/latex/graphics/trig.sty
Package: trig 1999/03/16 v1.09 sin cos tan (DPC)
)
(/usr/local/texlive/2013/texmf-dist/tex/latex/latexconfig/graphics.cfg
File: graphics.cfg 2010/04/23 v1.9 graphics configuration of TeX Live
)
Package graphics Info: Driver file: pdftex.def on input line 91.

(/usr/local/texlive/2013/texmf-dist/tex/latex/pdftex-def/pdftex.def
File: pdftex.def 2011/05/27 v0.06d Graphics/color for pdfTeX

(/usr/local/texlive/2013/texmf-dist/tex/generic/oberdiek/infwarerr.sty
Package: infwarerr 2010/04/08 v1.3 Providing info/warning/error messages (HO)
)
(/usr/local/texlive/2013/texmf-dist/tex/generic/oberdiek/ltxcmds.sty
Package: ltxcmds 2011/11/09 v1.22 LaTeX kernel commands for general use (HO)
)
\Gread@gobject=\count91
))
\Gin@req@height=\dimen113
\Gin@req@width=\dimen114
)
(/usr/local/texlive/2013/texmf-dist/tex/latex/amsfonts/amssymb.sty
Package: amssymb 2013/01/14 v3.01 AMS font symbols

(/usr/local/texlive/2013/texmf-dist/tex/latex/amsfonts/amsfonts.sty
Package: amsfonts 2013/01/14 v3.01 Basic AMSFonts support
\@emptytoks=\toks18
\symAMSa=\mathgroup7
\symAMSb=\mathgroup8
LaTeX Font Info:    Overwriting math alphabet `\mathfrak' in version `bold'
(Font)                  U/euf/m/n --> U/euf/b/n on input line 106.
))
(/usr/local/texlive/2013/texmf-dist/tex/latex/amsmath/amsmath.sty
Package: amsmath 2013/01/14 v2.14 AMS math features
\@mathmargin=\skip43

For additional information on amsmath, use the `?' option.
(/usr/local/texlive/2013/texmf-dist/tex/latex/amsmath/amstext.sty
Package: amstext 2000/06/29 v2.01

(/usr/local/texlive/2013/texmf-dist/tex/latex/amsmath/amsgen.sty
File: amsgen.sty 1999/11/30 v2.0
\@emptytoks=\toks19
\ex@=\dimen115
))
(/usr/local/texlive/2013/texmf-dist/tex/latex/amsmath/amsbsy.sty
Package: amsbsy 1999/11/29 v1.2d
\pmbraise@=\dimen116
)
(/usr/local/texlive/2013/texmf-dist/tex/latex/amsmath/amsopn.sty
Package: amsopn 1999/12/14 v2.01 operator names
)
\inf@bad=\count92
LaTeX Info: Redefining \frac on input line 210.
\uproot@=\count93
\leftroot@=\count94
LaTeX Info: Redefining \overline on input line 306.
\classnum@=\count95
\DOTSCASE@=\count96
LaTeX Info: Redefining \ldots on input line 378.
LaTeX Info: Redefining \dots on input line 381.
LaTeX Info: Redefining \cdots on input line 466.
\Mathstrutbox@=\box26
\strutbox@=\box27
\big@size=\dimen117
LaTeX Font Info:    Redeclaring font encoding OML on input line 566.
LaTeX Font Info:    Redeclaring font encoding OMS on input line 567.
\macc@depth=\count97
\c@MaxMatrixCols=\count98
\dotsspace@=\muskip11
\c@parentequation=\count99
\dspbrk@lvl=\count100
\tag@help=\toks20
\row@=\count101
\column@=\count102
\maxfields@=\count103
\andhelp@=\toks21
\eqnshift@=\dimen118
\alignsep@=\dimen119
\tagshift@=\dimen120
\tagwidth@=\dimen121
\totwidth@=\dimen122
\lineht@=\dimen123
\@envbody=\toks22
\multlinegap=\skip44
\multlinetaggap=\skip45
\mathdisplay@stack=\toks23
LaTeX Info: Redefining \[ on input line 2665.
LaTeX Info: Redefining \] on input line 2666.
)
(/usr/local/texlive/2013/texmf-dist/tex/latex/amscls/amsthm.sty
Package: amsthm 2004/08/06 v2.20
\thm@style=\toks24
\thm@bodyfont=\toks25
\thm@headfont=\toks26
\thm@notefont=\toks27
\thm@headpunct=\toks28
\thm@preskip=\skip46
\thm@postskip=\skip47
\thm@headsep=\skip48
\dth@everypar=\toks29
)
(/usr/local/texlive/2013/texmf-dist/tex/latex/tools/indentfirst.sty
Package: indentfirst 1995/11/23 v1.03 Indent first paragraph (DPC)
)
(/usr/local/texlive/2013/texmf-dist/tex/latex/graphics/color.sty
Package: color 2005/11/14 v1.0j Standard LaTeX Color (DPC)

(/usr/local/texlive/2013/texmf-dist/tex/latex/latexconfig/color.cfg
File: color.cfg 2007/01/18 v1.5 color configuration of teTeX/TeXLive
)
Package color Info: Driver file: pdftex.def on input line 130.

(/usr/local/texlive/2013/texmf-dist/tex/latex/graphics/dvipsnam.def
File: dvipsnam.def 1999/02/16 v3.0i Driver-dependant file (DPC,SPQR)
))
(/usr/local/texlive/2013/texmf-dist/tex/generic/ulem/ulem.sty
\UL@box=\box28
\UL@hyphenbox=\box29
\UL@skip=\skip49
\UL@hook=\toks30
\UL@height=\dimen124
\UL@pe=\count104
\UL@pixel=\dimen125
\ULC@box=\box30
Package: ulem 2012/05/18
\ULdepth=\dimen126
)
(/usr/local/texlive/2013/texmf-dist/tex/latex/tools/array.sty
Package: array 2008/09/09 v2.4c Tabular extension package (FMi)
\col@sep=\dimen127
\extrarowheight=\dimen128
\NC@list=\toks31
\extratabsurround=\skip50
\backup@length=\skip51
)
(/usr/local/texlive/2013/texmf-dist/tex/latex/setspace/setspace.sty
Package: setspace 2011/12/19 v6.7a set line spacing
)
(/usr/local/texlive/2013/texmf-dist/tex/latex/float/float.sty
Package: float 2001/11/08 v1.3d Float enhancements (AL)
\c@float@type=\count105
\float@exts=\toks32
\float@box=\box31
\@float@everytoks=\toks33
\@floatcapt=\box32
)
(/usr/local/texlive/2013/texmf-dist/tex/latex/caption/caption.sty
Package: caption 2013/05/02 v3.3-89 Customizing captions (AR)

(/usr/local/texlive/2013/texmf-dist/tex/latex/caption/caption3.sty
Package: caption3 2013/05/02 v1.6-88 caption3 kernel (AR)
Package caption3 Info: TeX engine: e-TeX on input line 57.
\captionmargin=\dimen129
\captionmargin@=\dimen130
\captionwidth=\dimen131
\caption@tempdima=\dimen132
\caption@indent=\dimen133
\caption@parindent=\dimen134
\caption@hangindent=\dimen135
)
\c@ContinuedFloat=\count106
Package caption Info: float package is loaded.
)
(/usr/local/texlive/2013/texmf-dist/tex/latex/tools/afterpage.sty
Package: afterpage 1995/10/27 v1.08 After-Page Package (DPC)
\AP@output=\toks34
\AP@partial=\box33
\AP@footins=\box34
)
(/usr/local/texlive/2013/texmf-dist/tex/latex/oberdiek/pdflscape.sty
Package: pdflscape 2008/08/11 v0.10 Display of landscape pages in PDF (HO)

(/usr/local/texlive/2013/texmf-dist/tex/latex/graphics/lscape.sty
Package: lscape 2000/10/22 v3.01 Landscape Pages (DPC)
)
Package pdflscape Info: Auto-detected driver: pdftex on input line 80.
)
(./_core.aux
LaTeX Font Info:    Try loading font information for T2A+cmr on input line 3.
 (/usr/local/texlive/2013/texmf-dist/tex/latex/cyrillic/t2acmr.fd
File: t2acmr.fd 2001/08/11 v1.0a Computer Modern Cyrillic font definitions
)<<t2a.cmap>>)
\openout1 = `_core.aux'.

LaTeX Font Info:    Checking defaults for OML/cmm/m/it on input line 97.
LaTeX Font Info:    ... okay on input line 97.
LaTeX Font Info:    Checking defaults for T1/cmr/m/n on input line 97.
LaTeX Font Info:    ... okay on input line 97.
LaTeX Font Info:    Checking defaults for OT1/cmr/m/n on input line 97.
LaTeX Font Info:    ... okay on input line 97.
LaTeX Font Info:    Checking defaults for OMS/cmsy/m/n on input line 97.
LaTeX Font Info:    ... okay on input line 97.
LaTeX Font Info:    Checking defaults for OMX/cmex/m/n on input line 97.
LaTeX Font Info:    ... okay on input line 97.
LaTeX Font Info:    Checking defaults for U/cmr/m/n on input line 97.
LaTeX Font Info:    ... okay on input line 97.
LaTeX Font Info:    Checking defaults for T2A/cmr/m/n on input line 97.
LaTeX Font Info:    ... okay on input line 97.
LaTeX Font Info:    Checking defaults for TS1/cmr/m/n on input line 97.
LaTeX Font Info:    ... okay on input line 97.
LaTeX Font Info:    Try loading font information for TS1+PTSerif-TLF on input l
ine 97.

(/usr/local/texlive/2013/texmf-dist/tex/latex/paratype/TS1PTSerif-TLF.fd
File: TS1PTSerif-TLF.fd 2011/02/21 Font definitions for TS1/PTSerif-TLF.
)
LaTeX Font Info:    Try loading font information for T2A+PTSerif-TLF on input l
ine 97.

(/usr/local/texlive/2013/texmf-dist/tex/latex/paratype/T2APTSerif-TLF.fd
File: T2APTSerif-TLF.fd 2011/02/21 Font definitions for T2A/PTSerif-TLF.
)
*geometry* driver: auto-detecting
*geometry* detected driver: pdftex
*geometry* verbose mode - [ preamble ] result:
* driver: pdftex
* paper: a4paper
* layout: <same size as paper>
* layoutoffset:(h,v)=(0.0pt,0.0pt)
* modes: 
* h-part:(L,W,R)=(59.75095pt, 509.30418pt, 28.45274pt)
* v-part:(T,H,B)=(56.9055pt, 731.23584pt, 56.9055pt)
* \paperwidth=597.50787pt
* \paperheight=845.04684pt
* \textwidth=509.30418pt
* \textheight=731.23584pt
* \oddsidemargin=-12.51904pt
* \evensidemargin=-12.51904pt
* \topmargin=-54.36449pt
* \headheight=14.0pt
* \headsep=25.0pt
* \topskip=14.0pt
* \footskip=30.0pt
* \marginparwidth=15.0pt
* \marginparsep=10.0pt
* \columnsep=10.0pt
* \skip\footins=12.0pt plus 4.0pt minus 2.0pt
* \hoffset=0.0pt
* \voffset=0.0pt
* \mag=1000
* \@twocolumnfalse
* \@twosidefalse
* \@mparswitchfalse
* \@reversemarginfalse
* (1in=72.27pt=25.4mm, 1cm=28.453pt)

(/usr/local/texlive/2013/texmf-dist/tex/context/base/supp-pdf.mkii
[Loading MPS to PDF converter (version 2006.09.02).]
\scratchcounter=\count107
\scratchdimen=\dimen136
\scratchbox=\box35
\nofMPsegments=\count108
\nofMParguments=\count109
\everyMPshowfont=\toks35
\MPscratchCnt=\count110
\MPscratchDim=\dimen137
\MPnumerator=\count111
\makeMPintoPDFobject=\count112
\everyMPtoPDFconversion=\toks36
) (/usr/local/texlive/2013/texmf-dist/tex/generic/oberdiek/pdftexcmds.sty
Package: pdftexcmds 2011/11/29 v0.20 Utility functions of pdfTeX for LuaTeX (HO
)

(/usr/local/texlive/2013/texmf-dist/tex/generic/oberdiek/ifluatex.sty
Package: ifluatex 2010/03/01 v1.3 Provides the ifluatex switch (HO)
Package ifluatex Info: LuaTeX not detected.
)
Package pdftexcmds Info: LuaTeX not detected.
Package pdftexcmds Info: \pdf@primitive is available.
Package pdftexcmds Info: \pdf@ifprimitive is available.
Package pdftexcmds Info: \pdfdraftmode found.
)
(/usr/local/texlive/2013/texmf-dist/tex/latex/oberdiek/epstopdf-base.sty
Package: epstopdf-base 2010/02/09 v2.5 Base part for package epstopdf

(/usr/local/texlive/2013/texmf-dist/tex/latex/oberdiek/grfext.sty
Package: grfext 2010/08/19 v1.1 Manage graphics extensions (HO)

(/usr/local/texlive/2013/texmf-dist/tex/generic/oberdiek/kvdefinekeys.sty
Package: kvdefinekeys 2011/04/07 v1.3 Define keys (HO)
))
(/usr/local/texlive/2013/texmf-dist/tex/latex/oberdiek/kvoptions.sty
Package: kvoptions 2011/06/30 v3.11 Key value format for package options (HO)

(/usr/local/texlive/2013/texmf-dist/tex/generic/oberdiek/kvsetkeys.sty
Package: kvsetkeys 2012/04/25 v1.16 Key value parser (HO)

(/usr/local/texlive/2013/texmf-dist/tex/generic/oberdiek/etexcmds.sty
Package: etexcmds 2011/02/16 v1.5 Avoid name clashes with e-TeX commands (HO)
Package etexcmds Info: Could not find \expanded.
(etexcmds)             That can mean that you are not using pdfTeX 1.50 or
(etexcmds)             that some package has redefined \expanded.
(etexcmds)             In the latter case, load this package earlier.
)))
Package grfext Info: Graphics extension search list:
(grfext)             [.png,.pdf,.jpg,.mps,.jpeg,.jbig2,.jb2,.PNG,.PDF,.JPG,.JPE
G,.JBIG2,.JB2,.eps]
(grfext)             \AppendGraphicsExtensions on input line 452.

(/usr/local/texlive/2013/texmf-dist/tex/latex/latexconfig/epstopdf-sys.cfg
File: epstopdf-sys.cfg 2010/07/13 v1.3 Configuration of (r)epstopdf for TeX Liv
e
))
Package caption Info: Begin \AtBeginDocument code.
Package caption Info: End \AtBeginDocument code.

(./referat.tex
LaTeX Font Info:    Font shape `T2A/PTSerif-TLF/bx/n' in size <20.74> not avail
able
(Font)              Font shape `T2A/PTSerif-TLF/b/n' tried instead on input lin
e 2.
) [1

{/usr/local/texlive/2013/texmf-var/fonts/map/pdftex/updmap/pdftex.map}] (./_cor
e.toc
LaTeX Font Info:    Try loading font information for T1+PTSerif-TLF on input li
ne 1.

(/usr/local/texlive/2013/texmf-dist/tex/latex/paratype/T1PTSerif-TLF.fd
File: T1PTSerif-TLF.fd 2011/02/21 Font definitions for T1/PTSerif-TLF.
)<<t1.cmap>>
LaTeX Font Info:    Font shape `T2A/PTSerif-TLF/bx/n' in size <14.4> not availa
ble
(Font)              Font shape `T2A/PTSerif-TLF/b/n' tried instead on input lin
e 2.
<<ot1.cmap>><<oml.cmap>><<oms.cmap>><<omx.cmap>>
LaTeX Font Info:    Try loading font information for U+msa on input line 5.

(/usr/local/texlive/2013/texmf-dist/tex/latex/amsfonts/umsa.fd
File: umsa.fd 2013/01/14 v3.01 AMS symbols A
)
LaTeX Font Info:    Try loading font information for U+msb on input line 5.

(/usr/local/texlive/2013/texmf-dist/tex/latex/amsfonts/umsb.fd
File: umsb.fd 2013/01/14 v3.01 AMS symbols B
) [2]
Overfull \hbox (0.70554pt too wide) detected at line 86
 []\T2A/PTSerif-TLF/m/n/14.4 104
 []


Overfull \hbox (0.70554pt too wide) detected at line 87
 []\T2A/PTSerif-TLF/m/n/14.4 110
 []

)
\tf@toc=\write3
\openout3 = `_core.toc'.

 (./normLinks.tex [3]
Underfull \hbox (badness 3439) in paragraph at lines 20--21
[]\T2A/PTSerif-TLF/m/n/14.4  6.38. <<----- -- --
--. --
 []

) (./terms.tex [4]
Underfull \hbox (badness 1478) in paragraph at lines 7--8
[]\T2A/PTSerif-TLF/m/n/14.4 API - -- ----- ---
. - --
 []

[5]) (./1_construct.tex [6] (./11_construct.tex
LaTeX Font Info:    Font shape `T2A/PTSerif-TLF/bx/n' in size <17.28> not avail
able
(Font)              Font shape `T2A/PTSerif-TLF/b/n' tried instead on input lin
e 1.
 [7]
<pics/predmetOblast.png, id=33, 797.98125pt x 329.23pt>
File: pics/predmetOblast.png Graphic file (type png)

<use pics/predmetOblast.png>
Package pdftex.def Info: pics/predmetOblast.png used on input line 32.
(pdftex.def)             Requested size: 407.4449pt x 168.101pt.

<pics/opticalFlowExample.png, id=35, 819.06pt x 246.9225pt>
File: pics/opticalFlowExample.png Graphic file (type png)

<use pics/opticalFlowExample.png>
Package pdftex.def Info: pics/opticalFlowExample.png used on input line 42.
(pdftex.def)             Requested size: 407.4449pt x 122.83548pt.


LaTeX Warning: `!h' float specifier changed to `!ht'.

[8] [9 <./pics/predmetOblast.png> <./pics/opticalFlowExample.png>] [10]
Underfull \hbox (badness 2486) in paragraph at lines 73--74
[]\T2A/PTSerif-TLF/m/n/14.4  -- ---- --,
  ----
 []

[11]
LaTeX Font Info:    Font shape `T2A/PTSerif-TLF/bx/it' in size <14.4> not avail
able
(Font)              Font shape `T2A/PTSerif-TLF/b/it' tried instead on input li
ne 90.
 <pics/tangazh.png, id=55, 453.695pt x 257.96375pt>
File: pics/tangazh.png Graphic file (type png)
 <use pics/tangazh.png>
Package pdftex.def Info: pics/tangazh.png used on input line 95.
(pdftex.def)             Requested size: 305.58562pt x 173.75194pt.

[12 <./pics/tangazh.png>]
Underfull \hbox (badness 2818) in paragraph at lines 107--108
\T2A/PTSerif-TLF/m/n/14.4 --- ---, ---- --
--  ----
 []

<pics/acelerometr.png, id=61, 563.10374pt x 332.24126pt>
File: pics/acelerometr.png Graphic file (type png)

<use pics/acelerometr.png>
Package pdftex.def Info: pics/acelerometr.png used on input line 116.
(pdftex.def)             Requested size: 305.58562pt x 180.29984pt.
 [13] [14 <./pics/acelerometr.png>]
Underfull \hbox (badness 3029) in paragraph at lines 139--140
\T2A/PTSerif-TLF/m/n/14.4 --- --- -- ---
-  ---.
 []

[15]
Underfull \hbox (badness 3138) in paragraph at lines 163--167
\T2A/PTSerif-TLF/m/n/14.4 ---- ---  --- --
- ----
 []

[16] [17] [18]
Underfull \hbox (badness 10000) in paragraph at lines 215--216
[]\T2A/PTSerif-TLF/m/n/14.4  - --- ATAP (Advanced Techn
ology and
 []

[19]
Underfull \hbox (badness 1248) in paragraph at lines 230--231
\T2A/PTSerif-TLF/m/n/14.4 - -----, ---  -
-  ----
 []

[20] [21]
Underfull \hbox (badness 3758) in paragraph at lines 239--240
[]\T2A/PTSerif-TLF/m/n/14.4  --- -- -- -
----
 []


Underfull \hbox (badness 4752) in paragraph at lines 239--240
\T2A/PTSerif-TLF/m/n/14.4 --- ---  ---- -
-- -----
 []


LaTeX Warning: Command \textellipsis invalid in math mode on input line 248.


LaTeX Warning: Command \textellipsis invalid in math mode on input line 248.

[22]
Underfull \hbox (badness 10000) in paragraph at lines 266--266
[]|\T2A/PTSerif-TLF/m/n/14.4 ROS
 []


Overfull \hbox (5.07202pt too wide) in paragraph at lines 266--266
\T2A/PTSerif-TLF/m/n/14.4 odometry| 
 []


Underfull \hbox (badness 10000) in paragraph at lines 266--266
[]|\T2A/PTSerif-TLF/m/n/14.4 Project
 []


Underfull \hbox (badness 10000) in paragraph at lines 266--267
[]|\T2A/PTSerif-TLF/m/n/14.4 SMP
 []


Underfull \hbox (badness 10000) in paragraph at lines 268--268
[]|\T2A/PTSerif-TLF/m/n/14.4 
 []


Underfull \hbox (badness 10000) in paragraph at lines 268--268
\T2A/PTSerif-TLF/m/n/14.4  ---
 []


Underfull \hbox (badness 10000) in paragraph at lines 276--276
[]|\T2A/PTSerif-TLF/m/n/14.4 
 []


Underfull \hbox (badness 10000) in paragraph at lines 276--276
\T2A/PTSerif-TLF/m/n/14.4 ---
 []


Underfull \hbox (badness 10000) in paragraph at lines 288--288
[]|\T2A/PTSerif-TLF/m/n/14.4  ------
 []


Underfull \hbox (badness 10000) in paragraph at lines 288--288
\T2A/PTSerif-TLF/m/n/14.4 -- ---
 []


Underfull \hbox (badness 10000) in paragraph at lines 288--288
\T2A/PTSerif-TLF/m/n/14.4 ---- -
 []


Underfull \hbox (badness 6708) in paragraph at lines 288--288
\T2A/PTSerif-TLF/m/n/14.4 ,  - 
 []


Underfull \hbox (badness 10000) in paragraph at lines 288--288
\T2A/PTSerif-TLF/m/n/14.4 ---- --
 []


Underfull \hbox (badness 1253) in paragraph at lines 288--289
\T2A/PTSerif-TLF/m/n/14.4 ---   --
 []


Underfull \hbox (badness 10000) in paragraph at lines 290--290
[]|\T2A/PTSerif-TLF/m/n/14.4 .
 []


Underfull \hbox (badness 10000) in paragraph at lines 304--304
\T2A/PTSerif-TLF/m/n/14.4 -- ---
 []


Underfull \hbox (badness 10000) in paragraph at lines 304--304
\T2A/PTSerif-TLF/m/n/14.4 --- -
 []


Underfull \hbox (badness 7796) in paragraph at lines 305--305
[]|\T2A/PTSerif-TLF/m/n/14.4  --
 []


Underfull \hbox (badness 10000) in paragraph at lines 305--305
\T2A/PTSerif-TLF/m/n/14.4 -- - 
 []


Underfull \hbox (badness 7796) in paragraph at lines 306--307
[]|\T2A/PTSerif-TLF/m/n/14.4  --
 []


Underfull \hbox (badness 10000) in paragraph at lines 308--308
[]|\T2A/PTSerif-TLF/m/n/14.4 .
 []


Overfull \hbox (10.16624pt too wide) in paragraph at lines 301--313
 [][] 
 []


Underfull \hbox (badness 10000) in paragraph at lines 322--322
[]|\T2A/PTSerif-TLF/m/n/14.4  --
 []


Underfull \hbox (badness 10000) in paragraph at lines 322--322
\T2A/PTSerif-TLF/m/n/14.4 - ---
 []


Underfull \hbox (badness 3078) in paragraph at lines 322--322
\T2A/PTSerif-TLF/m/n/14.4 -  --
 []


Underfull \hbox (badness 7012) in paragraph at lines 322--322
\T2A/PTSerif-TLF/m/n/14.4 -- --
 []


Underfull \hbox (badness 10000) in paragraph at lines 323--323
[]|\T2A/PTSerif-TLF/m/n/14.4  --
 []


Underfull \hbox (badness 10000) in paragraph at lines 323--323
\T2A/PTSerif-TLF/m/n/14.4 - ---
 []


Underfull \hbox (badness 3078) in paragraph at lines 323--323
\T2A/PTSerif-TLF/m/n/14.4 -  --
 []


Underfull \hbox (badness 10000) in paragraph at lines 323--323
\T2A/PTSerif-TLF/m/n/14.4 --- -
 []


Underfull \hbox (badness 10000) in paragraph at lines 324--325
[]|\T2A/PTSerif-TLF/m/n/14.4  --
 []


Underfull \hbox (badness 10000) in paragraph at lines 324--325
\T2A/PTSerif-TLF/m/n/14.4 - ----
 []


Underfull \hbox (badness 10000) in paragraph at lines 324--325
\T2A/PTSerif-TLF/m/n/14.4   --
 []


Underfull \hbox (badness 10000) in paragraph at lines 324--325
\T2A/PTSerif-TLF/m/n/14.4 ---, -
 []


Underfull \hbox (badness 10000) in paragraph at lines 324--325
\T2A/PTSerif-TLF/m/n/14.4 -  -
 []


Underfull \hbox (badness 10000) in paragraph at lines 326--326
[]|\T2A/PTSerif-TLF/m/n/14.4 .
 []


Overfull \hbox (10.16624pt too wide) in paragraph at lines 319--331
 [][] 
 []


Underfull \hbox (badness 10000) in paragraph at lines 340--340
[]|\T2A/PTSerif-TLF/m/n/14.4  -
 []


Underfull \hbox (badness 10000) in paragraph at lines 340--340
\T2A/PTSerif-TLF/m/n/14.4 -- 
 []


Underfull \hbox (badness 10000) in paragraph at lines 340--340
\T2A/PTSerif-TLF/m/n/14.4 -- -
 []


Underfull \hbox (badness 10000) in paragraph at lines 340--340
\T2A/PTSerif-TLF/m/n/14.4 ----
 []


Underfull \hbox (badness 10000) in paragraph at lines 340--340
\T2A/PTSerif-TLF/m/n/14.4 ----, 
 []


Underfull \hbox (badness 10000) in paragraph at lines 340--340
\T2A/PTSerif-TLF/m/n/14.4 -- --
 []


Underfull \hbox (badness 3713) in paragraph at lines 340--340
\T2A/PTSerif-TLF/m/n/14.4 - - 
 []


Underfull \hbox (badness 1939) in paragraph at lines 341--341
[]|\T2A/PTSerif-TLF/m/n/14.4  -
 []


Underfull \hbox (badness 2253) in paragraph at lines 341--341
\T2A/PTSerif-TLF/m/n/14.4 -- ---
 []


Underfull \hbox (badness 10000) in paragraph at lines 341--341
\T2A/PTSerif-TLF/m/n/14.4  ---
 []


Underfull \hbox (badness 10000) in paragraph at lines 341--341
\T2A/PTSerif-TLF/m/n/14.4 --, 
 []


Underfull \hbox (badness 10000) in paragraph at lines 341--341
\T2A/PTSerif-TLF/m/n/14.4 -- -
 []


Underfull \hbox (badness 10000) in paragraph at lines 342--343
[]|\T2A/PTSerif-TLF/m/n/14.4  --
 []


Underfull \hbox (badness 10000) in paragraph at lines 342--343
\T2A/PTSerif-TLF/m/n/14.4 - 
 []


Underfull \hbox (badness 1412) in paragraph at lines 342--343
\T2A/PTSerif-TLF/m/n/14.4 -,  --
 []


Underfull \hbox (badness 10000) in paragraph at lines 342--343
\T2A/PTSerif-TLF/m/n/14.4  ----
 []


Underfull \hbox (badness 10000) in paragraph at lines 342--343
\T2A/PTSerif-TLF/m/n/14.4 ----
 []


Underfull \hbox (badness 10000) in paragraph at lines 344--344
[]|\T2A/PTSerif-TLF/m/n/14.4 .
 []


Overfull \hbox (10.16624pt too wide) in paragraph at lines 337--349
 [][] 
 []


Underfull \hbox (badness 7504) in paragraph at lines 358--358
[]|\T2A/PTSerif-TLF/m/n/14.4  - --
 []


Underfull \hbox (badness 10000) in paragraph at lines 359--360
[]|\T2A/PTSerif-TLF/m/n/14.4  --- -
 []


Underfull \hbox (badness 10000) in paragraph at lines 361--361
[]|\T2A/PTSerif-TLF/m/n/14.4 .
 []

[23]
Overfull \vbox (1.26302pt too high) has occurred while \output is active []


[24]
Overfull \hbox (7.26163pt too wide) in paragraph at lines 397--397
[]|\T2A/PTSerif-TLF/m/n/14.4 - 
 []


Overfull \hbox (7.76561pt too wide) in paragraph at lines 397--397
\T2A/PTSerif-TLF/m/n/14.4 |  
 []


Overfull \vbox (3.40024pt too high) detected at line 397
 []


Underfull \hbox (badness 10000) in paragraph at lines 399--399
[]|\T2A/PTSerif-TLF/m/n/14.4 ROS
 []


Overfull \hbox (5.07202pt too wide) in paragraph at lines 399--399
\T2A/PTSerif-TLF/m/n/14.4 odometry| 
 []


Underfull \hbox (badness 10000) in paragraph at lines 399--399
[]|\T2A/PTSerif-TLF/m/n/14.4 Project
 []


Underfull \hbox (badness 10000) in paragraph at lines 399--400
[]|\T2A/PTSerif-TLF/m/n/14.4 SMP
 []


Underfull \hbox (badness 10000) in paragraph at lines 401--401
[]|\T2A/PTSerif-TLF/m/n/14.4 
 []


Underfull \hbox (badness 10000) in paragraph at lines 401--401
\T2A/PTSerif-TLF/m/n/14.4  ---
 []


Underfull \hbox (badness 10000) in paragraph at lines 409--409
[]|\T2A/PTSerif-TLF/m/n/14.4 
 []


Underfull \hbox (badness 10000) in paragraph at lines 409--409
\T2A/PTSerif-TLF/m/n/14.4 ---
 []

[25] [26]) [27] <pics/achitecture.png, id=115, 697.60625pt x 338.26375pt>
File: pics/achitecture.png Graphic file (type png)

<use pics/achitecture.png>
Package pdftex.def Info: pics/achitecture.png used on input line 35.
(pdftex.def)             Requested size: 407.4449pt x 197.56606pt.
 [28 <./pics/achitecture.png>]
Underfull \hbox (badness 2277) in paragraph at lines 67--68
[]\T2A/PTSerif-TLF/m/n/14.4  - ---- --   
-: -- 
 []

[29] <pics/visualOdometryProcess.png, id=123, 543.02875pt x 486.81876pt>
File: pics/visualOdometryProcess.png Graphic file (type png)

<use pics/visualOdometryProcess.png>
Package pdftex.def Info: pics/visualOdometryProcess.png used on input line 77.
(pdftex.def)             Requested size: 407.4449pt x 365.28401pt.

Underfull \hbox (badness 1365) in paragraph at lines 84--86
[]\T2A/PTSerif-TLF/m/n/14.4  -  ---  -
-- -
 []

[30 <./pics/visualOdometryProcess.png>]
<pics/integrals.png, id=128, 769.87625pt x 506.89375pt>
File: pics/integrals.png Graphic file (type png)

<use pics/integrals.png>
Package pdftex.def Info: pics/integrals.png used on input line 107.
(pdftex.def)             Requested size: 407.4449pt x 268.2734pt.
 [31] [32 <./pics/integrals.png>]
Underfull \hbox (badness 1210) in paragraph at lines 133--135
\T2A/PTSerif-TLF/m/n/14.4 - $\OT1/cmr/m/n/14.4 (\OML/cmm/m/it/14.4 @[]x; @
[]y; @x@y\OT1/cmr/m/n/14.4 )$ \T2A/PTSerif-TLF/m/n/14.4 ---- 
---. - ---
 []

[33]
LaTeX Font Info:    Try loading font information for T2A+PTMono-TLF on input li
ne 147.
 (/usr/local/texlive/2013/texmf-dist/tex/latex/paratype/T2APTMono-TLF.fd
File: T2APTMono-TLF.fd 2013/04/01 (autoinst with patch) Font definitions for T2
A/PTMono-TLF.
)
Underfull \hbox (badness 1087) in paragraph at lines 169--170
[]\T2A/PTSerif-TLF/m/n/14.4  -- - -- ---- 
-- ----.
 []

[34]
LaTeX Font Info:    Font shape `T2A/PTSerif-TLF/bx/it' in size <17.28> not avai
lable
(Font)              Font shape `T2A/PTSerif-TLF/b/it' tried instead on input li
ne 175.
 [35] <pics/pyrLK.png, id=147, 733.74126pt x 450.68375pt>
File: pics/pyrLK.png Graphic file (type png)

<use pics/pyrLK.png>
Package pdftex.def Info: pics/pyrLK.png used on input line 183.
(pdftex.def)             Requested size: 407.4449pt x 250.26997pt.
 [36 <./pics/pyrLK.png>]
<pics/optFlow1D.png, id=153, 431.6125pt x 154.5775pt>
File: pics/optFlow1D.png Graphic file (type png)
 <use pics/optFlow1D.png>
Package pdftex.def Info: pics/optFlow1D.png used on input line 223.
(pdftex.def)             Requested size: 407.4449pt x 145.92789pt.

<pics/OptFlow1DSolve.png, id=154, 423.5825pt x 169.63374pt>
File: pics/OptFlow1DSolve.png Graphic file (type png)

<use pics/OptFlow1DSolve.png>
Package pdftex.def Info: pics/OptFlow1DSolve.png used on input line 235.
(pdftex.def)             Requested size: 407.4449pt x 163.17784pt.
 [37] [38 <./pics/optFlow1D.png> <./pics/OptFlow1DSolve.png>] <pics/Gaussian2d.
png, id=164, 378.6948pt x 289.08pt>
File: pics/Gaussian2d.png Graphic file (type png)

<use pics/Gaussian2d.png>
Package pdftex.def Info: pics/Gaussian2d.png used on input line 263.
(pdftex.def)             Requested size: 407.4449pt x 311.02841pt.
 [39 <./pics/Gaussian2d.png>]
<pics/cameraModel.png, id=169, 818.05624pt x 392.46625pt>
File: pics/cameraModel.png Graphic file (type png)

<use pics/cameraModel.png>
Package pdftex.def Info: pics/cameraModel.png used on input line 346.
(pdftex.def)             Requested size: 407.4449pt x 195.47807pt.

Underfull \hbox (badness 3407) in paragraph at lines 351--352
[]\T2A/PTSerif-TLF/m/n/14.4  --- -, ,  -- --
 ---,
 []

[40]
Underfull \hbox (badness 6157) in paragraph at lines 361--362
[]\T2A/PTSerif-TLF/m/n/14.4  - --- - -- 
--  -
 []

[41 <./pics/cameraModel.png>]
<pics/distorb.png, id=177, 644.4075pt x 289.08pt>
File: pics/distorb.png Graphic file (type png)
 <use pics/distorb.png>
Package pdftex.def Info: pics/distorb.png used on input line 405.
(pdftex.def)             Requested size: 407.4449pt x 182.78741pt.

[42 <./pics/distorb.png>] [43]
<pics/objectsSchema.png, id=186, 937.5025pt x 602.25pt>
File: pics/objectsSchema.png Graphic file (type png)

<use pics/objectsSchema.png>
Package pdftex.def Info: pics/objectsSchema.png used on input line 506.
(pdftex.def)             Requested size: 407.4449pt x 261.7377pt.


LaTeX Warning: `!h' float specifier changed to `!ht'.

[44] [45 <./pics/objectsSchema.png>] [46] [47]
<pics/mainAlgo.png, id=200, 277.035pt x 849.1725pt>
File: pics/mainAlgo.png Graphic file (type png)
 <use pics/mainAlgo.png>
Package pdftex.def Info: pics/mainAlgo.png used on input line 578.
(pdftex.def)             Requested size: 229.18532pt x 702.50659pt.

[48] [49 <./pics/mainAlgo.png>]
<pics/visualalgo.png, id=209, 316.18124pt x 786.94pt>
File: pics/visualalgo.png Graphic file (type png)

<use pics/visualalgo.png>
Package pdftex.def Info: pics/visualalgo.png used on input line 602.
(pdftex.def)             Requested size: 229.18532pt x 570.42683pt.
 [50]
Underfull \hbox (badness 10000) in paragraph at lines 609--610
[]\T2A/PTSerif-TLF/m/n/14.4  --- -  --- -
---
 []

[51 <./pics/visualalgo.png>]
<pics/IMUAlgo.png, id=218, 277.035pt x 700.6175pt>
File: pics/IMUAlgo.png Graphic file (type png)
 <use pics/IMUAlgo.png>
Package pdftex.def Info: pics/IMUAlgo.png used on input line 637.
(pdftex.def)             Requested size: 229.18532pt x 579.60945pt.

[52] [53 <./pics/IMUAlgo.png>]
<pics/correctAlgo.png, id=226, 540.0175pt x 763.85374pt>
File: pics/correctAlgo.png Graphic file (type png)

<use pics/correctAlgo.png>
Package pdftex.def Info: pics/correctAlgo.png used on input line 653.
(pdftex.def)             Requested size: 356.51137pt x 504.29654pt.
) (./2_techno.tex [54] [55 <./pics/correctAlgo.png>]
[56] <pics/calibrationMan.png, id=238, 364.36125pt x 198.7425pt>
File: pics/calibrationMan.png Graphic file (type png)

<use pics/calibrationMan.png>
Package pdftex.def Info: pics/calibrationMan.png used on input line 26.
(pdftex.def)             Requested size: 407.4449pt x 222.25043pt.

<pics/perspectiveTransform.png, id=239, 630.355pt x 204.765pt>
File: pics/perspectiveTransform.png Graphic file (type png)

<use pics/perspectiveTransform.png>
Package pdftex.def Info: pics/perspectiveTransform.png used on input line 34.
(pdftex.def)             Requested size: 407.4449pt x 132.35516pt.


LaTeX Warning: `!h' float specifier changed to `!ht'.

[57 <./pics/calibrationMan.png>]
Underfull \hbox (badness 10000) in paragraph at lines 56--57
[]\T2A/PTSerif-TLF/m/n/14.4  --- ----  -
--
 []

[58 <./pics/perspectiveTransform.png>]
<pics/sec.png, id=246, 1369.115pt x 792.9625pt>
File: pics/sec.png Graphic file (type png)
 <use pics/sec.png>
Package pdftex.def Info: pics/sec.png used on input line 91.
(pdftex.def)             Requested size: 731.23584pt x 423.52292pt.
 [59


 <./pics/sec.png (PNG copy)>]
<pics/classDiagram.png, id=250, 791.20593pt x 344.03531pt>
File: pics/classDiagram.png Graphic file (type png)

<use pics/classDiagram.png>
Package pdftex.def Info: pics/classDiagram.png used on input line 94.
(pdftex.def)             Requested size: 458.37065pt x 199.30963pt.
) (./3_research.tex [60


 <./pics/classDiagram.png>]
[61] [62] [63] [64]
Underfull \hbox (badness 10000) in paragraph at lines 104--105
[]\T2A/PTSerif-TLF/m/n/14.4  - ---- 3- ---
: SimpleFlow,
 []

<pics/compareMethods.png, id=268, 725.71124pt x 476.78125pt>
File: pics/compareMethods.png Graphic file (type png)

<use pics/compareMethods.png>
Package pdftex.def Info: pics/compareMethods.png used on input line 107.
(pdftex.def)             Requested size: 407.4449pt x 267.6868pt.
 [65] [66 <./pics/compareMethods.png>]
<pics/3FB_pyrscale.png, id=275, 726.715pt x 478.78876pt>
File: pics/3FB_pyrscale.png Graphic file (type png)

<use pics/3FB_pyrscale.png>
Package pdftex.def Info: pics/3FB_pyrscale.png used on input line 135.
(pdftex.def)             Requested size: 239.37358pt x 157.70854pt.

<pics/3FB_levels.png, id=276, 727.71875pt x 474.77374pt>
File: pics/3FB_levels.png Graphic file (type png)

<use pics/3FB_levels.png>
Package pdftex.def Info: pics/3FB_levels.png used on input line 139.
(pdftex.def)             Requested size: 239.37358pt x 156.1687pt.

<pics/3FB_winsize.png, id=277, 726.715pt x 475.7775pt>
File: pics/3FB_winsize.png Graphic file (type png)

<use pics/3FB_winsize.png>
Package pdftex.def Info: pics/3FB_winsize.png used on input line 143.
(pdftex.def)             Requested size: 239.37358pt x 156.71666pt.

<pics/3FB_interation.png, id=278, 723.70375pt x 472.76625pt>
File: pics/3FB_interation.png Graphic file (type png)

<use pics/3FB_interation.png>
Package pdftex.def Info: pics/3FB_interation.png used on input line 147.
(pdftex.def)             Requested size: 239.37358pt x 156.37402pt.

<pics/3FB_polyn.png, id=279, 723.70375pt x 475.7775pt>
File: pics/3FB_polyn.png Graphic file (type png)

<use pics/3FB_polyn.png>
Package pdftex.def Info: pics/3FB_polyn.png used on input line 152.
(pdftex.def)             Requested size: 239.37358pt x 157.37004pt.

<pics/3SF_layers.png, id=280, 724.7075pt x 462.72874pt>
File: pics/3SF_layers.png Graphic file (type png)

<use pics/3SF_layers.png>
Package pdftex.def Info: pics/3SF_layers.png used on input line 175.
(pdftex.def)             Requested size: 239.37358pt x 152.8351pt.

<pics/3SF_avgBlockSize.png, id=281, 723.70375pt x 473.77pt>
File: pics/3SF_avgBlockSize.png Graphic file (type png)

<use pics/3SF_avgBlockSize.png>
Package pdftex.def Info: pics/3SF_avgBlockSize.png used on input line 179.
(pdftex.def)             Requested size: 239.37358pt x 156.70604pt.

<pics/3SF_maxflow.png, id=282, 725.71124pt x 473.77pt>
File: pics/3SF_maxflow.png Graphic file (type png)

<use pics/3SF_maxflow.png>
Package pdftex.def Info: pics/3SF_maxflow.png used on input line 184.
(pdftex.def)             Requested size: 239.37358pt x 156.2723pt.
 [67]
Underfull \hbox (badness 5064) in paragraph at lines 191--192
\T2A/PTSerif-TLF/m/n/14.4 max--flow,     ---- -- 
---- -
 []


Underfull \hbox (badness 3138) in paragraph at lines 191--192
\T2A/PTSerif-TLF/m/n/14.4 --- --,   ---  -
- -  -
 []


Underfull \hbox (badness 2027) in paragraph at lines 191--192
\T2A/PTSerif-TLF/m/n/14.4  -- --  -,  -- 
-  - 
 []

[68 <./pics/3FB_pyrscale.png> <./pics/3FB_levels.png> <./pics/3FB_winsize.png> 
<./pics/3FB_interation.png> <./pics/3FB_polyn.png>] [69 <./pics/3SF_layers.png>
 <./pics/3SF_avgBlockSize.png> <./pics/3SF_maxflow.png>]) (./4_economic.tex
[70] [71] [72]
Underfull \hbox (badness 10000) in paragraph at lines 100--101
[]|\T2A/PTSerif-TLF/m/n/14.4 1.1 ---- 
 []


Underfull \hbox (badness 10000) in paragraph at lines 103--104
[]|\T2A/PTSerif-TLF/m/n/14.4 1.2. ---- 
 []


Underfull \hbox (badness 10000) in paragraph at lines 106--107
[]|\T2A/PTSerif-TLF/m/n/14.4 1.3. --- 
 []


Underfull \hbox (badness 2443) in paragraph at lines 112--113
[]|\T2A/PTSerif-TLF/m/n/14.4 2.1. --- -
 []


Underfull \hbox (badness 10000) in paragraph at lines 112--113
\T2A/PTSerif-TLF/m/n/14.4 ---- (--
 []


Underfull \hbox (badness 2573) in paragraph at lines 115--116
[]|\T2A/PTSerif-TLF/m/n/14.4 2.2. -- ---
 []


Underfull \hbox (badness 1226) in paragraph at lines 115--116
\T2A/PTSerif-TLF/m/n/14.4 -- (----
 []


Underfull \hbox (badness 10000) in paragraph at lines 115--116
\T2A/PTSerif-TLF/m/n/14.4  ---- -
 []


Underfull \hbox (badness 1226) in paragraph at lines 118--119
[]|\T2A/PTSerif-TLF/m/n/14.4 2.3. -- ---
 []


Underfull \hbox (badness 10000) in paragraph at lines 121--122
[]|\T2A/PTSerif-TLF/m/n/14.4 2.4. --- -
 []


Underfull \hbox (badness 4441) in paragraph at lines 121--122
\T2A/PTSerif-TLF/m/n/14.4 - ----
 []


Underfull \hbox (badness 2662) in paragraph at lines 133--134
[]\T2A/PTSerif-TLF/m/n/14.4  --- ---- --- 
--  --
 []

[73] [74]
Underfull \hbox (badness 10000) in paragraph at lines 162--163
[]\T2A/PTSerif-TLF/m/n/14.4  --- - --- - 
-
 []


Underfull \hbox (badness 10000) in paragraph at lines 167--168
[]\T2A/PTSerif-TLF/m/n/14.4  -- ---  ---
 Job.ru. -:
 []

[75] [76] [77] [78] [79] [80]) (./5_ergonomic.tex [81]
Underfull \hbox (badness 1735) in paragraph at lines 10--11
\T2A/PTSerif-TLF/m/n/14.4 2.2.4.548-96 <<----- ---  
---- ---
 []

[82] [83]
Underfull \hbox (badness 1681) in paragraph at lines 49--50
[]\T2A/PTSerif-TLF/m/n/14.4  --, -  - --
 - (-)
 []

[84]
Underfull \hbox (badness 10000) in paragraph at lines 106--106
[]|\T2A/PTSerif-TLF/m/n/14.4  -- -  ---
 []

[85] [86]
Underfull \hbox (badness 10000) in paragraph at lines 138--138
[]|\T2A/PTSerif-TLF/m/n/14.4 
 []


Underfull \hbox (badness 10000) in paragraph at lines 139--139
[]|\T2A/PTSerif-TLF/m/n/14.4 
 []


Underfull \hbox (badness 10000) in paragraph at lines 139--139
\T2A/PTSerif-TLF/m/n/14.4 - 
 []


Underfull \hbox (badness 10000) in paragraph at lines 140--140
[]|\T2A/PTSerif-TLF/m/n/14.4 
 []


Underfull \hbox (badness 10000) in paragraph at lines 140--140
\T2A/PTSerif-TLF/m/n/14.4 -
 []


Overfull \hbox (1.00664pt too wide) in paragraph at lines 140--140
\T2A/PTSerif-TLF/m/n/14.4 ,$[]\T2A/cmr/m/n/14.4 $| 
 []


Overfull \hbox (1.74722pt too wide) in paragraph at lines 141--141
[]|\T2A/PTSerif-TLF/m/n/14.4 
 []


Underfull \hbox (badness 10000) in paragraph at lines 141--141
\T2A/PTSerif-TLF/m/n/14.4 --
 []


Underfull \hbox (badness 10000) in paragraph at lines 142--142
[]\T2A/PTSerif-TLF/m/n/14.4 
 []


Underfull \hbox (badness 10000) in paragraph at lines 142--142
\T2A/PTSerif-TLF/m/n/14.4 -
 []


Underfull \hbox (badness 10000) in paragraph at lines 143--144
[]|\T2A/PTSerif-TLF/m/n/14.4 
 []


Underfull \hbox (badness 10000) in paragraph at lines 143--144
\T2A/PTSerif-TLF/m/n/14.4 --
 []


Underfull \hbox (badness 10000) in paragraph at lines 143--144
\T2A/PTSerif-TLF/m/n/14.4 --,
 []


Overfull \hbox (12.2039pt too wide) in paragraph at lines 136--150
 [][] 
 []


Underfull \hbox (badness 1796) in paragraph at lines 165--166
\T2A/PTSerif-TLF/m/n/14.4 -- ---  - --- -
-- --
 []

[87]
Underfull \hbox (badness 10000) in paragraph at lines 176--176
[]|\T2A/PTSerif-TLF/m/n/14.4 
 []


Underfull \hbox (badness 10000) in paragraph at lines 177--177
[]|\T2A/PTSerif-TLF/m/n/14.4 
 []


Underfull \hbox (badness 10000) in paragraph at lines 178--178
[]|\T2A/PTSerif-TLF/m/n/14.4 
 []


Underfull \hbox (badness 10000) in paragraph at lines 179--180
[]|\T2A/PTSerif-TLF/m/n/14.4 
 []


Underfull \hbox (badness 10000) in paragraph at lines 179--180
\T2A/PTSerif-TLF/m/n/14.4 ----
 []


Underfull \hbox (badness 10000) in paragraph at lines 183--183
[]|\T2A/PTSerif-TLF/m/n/14.4 
 []

[88]
Underfull \hbox (badness 10000) in paragraph at lines 208--209
\T2A/PTSerif-TLF/m/n/14.4 -----, -- -

 []

[89]
Underfull \hbox (badness 10000) in paragraph at lines 229--230
[]|\T2A/PTSerif-TLF/m/n/14.4 
 []


Underfull \hbox (badness 10000) in paragraph at lines 229--230
\T2A/PTSerif-TLF/m/n/14.4 - 
 []


Underfull \hbox (badness 10000) in paragraph at lines 231--231
[]|\T2A/PTSerif-TLF/m/n/14.4 31,5
 []


Underfull \hbox (badness 10000) in paragraph at lines 231--231
[]|\T2A/PTSerif-TLF/m/n/14.4 63
 []


Underfull \hbox (badness 10000) in paragraph at lines 231--231
[]|\T2A/PTSerif-TLF/m/n/14.4 125
 []


Underfull \hbox (badness 10000) in paragraph at lines 231--231
[]|\T2A/PTSerif-TLF/m/n/14.4 250
 []


Underfull \hbox (badness 10000) in paragraph at lines 231--231
[]|\T2A/PTSerif-TLF/m/n/14.4 500
 []


Overfull \hbox (2.248pt too wide) in paragraph at lines 231--231
[]|\T2A/PTSerif-TLF/m/n/14.4 1000
 []


Overfull \hbox (2.248pt too wide) in paragraph at lines 231--231
[]|\T2A/PTSerif-TLF/m/n/14.4 2000
 []


Overfull \hbox (2.248pt too wide) in paragraph at lines 231--231
[]|\T2A/PTSerif-TLF/m/n/14.4 4000
 []


Overfull \hbox (2.248pt too wide) in paragraph at lines 231--231
[]|\T2A/PTSerif-TLF/m/n/14.4 8000
 []


Underfull \hbox (badness 10000) in paragraph at lines 233--233
[]|\T2A/PTSerif-TLF/m/n/14.4 86
 []


Underfull \hbox (badness 10000) in paragraph at lines 233--233
[]|\T2A/PTSerif-TLF/m/n/14.4 71
 []


Underfull \hbox (badness 10000) in paragraph at lines 233--233
[]|\T2A/PTSerif-TLF/m/n/14.4 61
 []


Underfull \hbox (badness 10000) in paragraph at lines 233--233
[]|\T2A/PTSerif-TLF/m/n/14.4 54
 []


Underfull \hbox (badness 10000) in paragraph at lines 233--233
[]|\T2A/PTSerif-TLF/m/n/14.4 49
 []


Underfull \hbox (badness 10000) in paragraph at lines 233--233
[]|\T2A/PTSerif-TLF/m/n/14.4 45
 []


Underfull \hbox (badness 10000) in paragraph at lines 233--233
[]|\T2A/PTSerif-TLF/m/n/14.4 42
 []


Underfull \hbox (badness 10000) in paragraph at lines 233--233
[]|\T2A/PTSerif-TLF/m/n/14.4 40
 []


Underfull \hbox (badness 10000) in paragraph at lines 233--233
[]|\T2A/PTSerif-TLF/m/n/14.4 38
 []

[90] [91]
Underfull \hbox (badness 10000) in paragraph at lines 272--273
[]\T2A/PTSerif-TLF/m/n/14.4  -- --- -  ---
 --
 []


Underfull \hbox (badness 10000) in paragraph at lines 272--273
\T2A/PTSerif-TLF/m/n/14.4 -- -- ---- ---
- - -
 []


Underfull \hbox (badness 1603) in paragraph at lines 272--273
\T2A/PTSerif-TLF/m/n/14.4  .  - ---- --  
---- 
 []

[92]
Overfull \vbox (20.40024pt too high) detected at line 298
 []


Overfull \vbox (37.40024pt too high) detected at line 299
 []


Overfull \hbox (4.8416pt too wide) in paragraph at lines 300--300
[]|\T2A/PTSerif-TLF/m/n/14.4  
 []


Overfull \vbox (3.40024pt too high) detected at line 300
 []


Underfull \hbox (badness 2846) in paragraph at lines 304--304
[]|  \T2A/PTSerif-TLF/m/n/14.4 ---
 []


Underfull \hbox (badness 10000) in paragraph at lines 304--304
\T2A/PTSerif-TLF/m/n/14.4 --
 []


Underfull \hbox (badness 10000) in paragraph at lines 304--305
[]|\T2A/PTSerif-TLF/m/n/14.4 
 []


Underfull \hbox (badness 10000) in paragraph at lines 304--305
\T2A/PTSerif-TLF/m/n/14.4 --
 []


Overfull \hbox (2.39365pt too wide) in paragraph at lines 315--315
[]|\T2A/PTSerif-TLF/m/n/14.4 | 
 []


Overfull \hbox (2.39365pt too wide) in paragraph at lines 318--318
[]|\T2A/PTSerif-TLF/m/n/14.4 | 
 []


Overfull \hbox (2.39365pt too wide) in paragraph at lines 319--319
[]|\T2A/PTSerif-TLF/m/n/14.4 | 
 []

[93] [94] [95] [96]
Underfull \hbox (badness 10000) in paragraph at lines 433--433
[]|\T2A/PTSerif-TLF/b/n/14.4 
 []


Underfull \hbox (badness 1436) in paragraph at lines 433--434
[]|\T2A/PTSerif-TLF/b/n/14.4  -
 []


Underfull \hbox (badness 7238) in paragraph at lines 435--435
[]|\T2A/PTSerif-TLF/m/n/14.4  -
 []


Underfull \hbox (badness 10000) in paragraph at lines 437--437
[]|\T2A/PTSerif-TLF/m/n/14.4 
 []


Underfull \hbox (badness 7238) in paragraph at lines 439--439
[]|\T2A/PTSerif-TLF/m/n/14.4  -
 []

[97] <pics/room.png, id=383, 809.0225pt x 538.01pt>
File: pics/room.png Graphic file (type png)
 <use pics/room.png>
Package pdftex.def Info: pics/room.png used on input line 464.
(pdftex.def)             Requested size: 407.4449pt x 270.95816pt.

Underfull \hbox (badness 2221) in paragraph at lines 462--468
[]\T2A/PTSerif-TLF/m/n/14.4  ---- ---  ---
 --- 
 []


Underfull \hbox (badness 2894) in paragraph at lines 469--470
[]\T2A/PTSerif-TLF/m/n/14.4  -- ---- - --
, --
 []

[98 <./pics/room.png>]
Underfull \hbox (badness 2050) in paragraph at lines 475--476
[]\T2A/PTSerif-TLF/m/n/14.4   -- ---  ---
 - --
 []


Underfull \hbox (badness 1655) in paragraph at lines 475--476
\T2A/PTSerif-TLF/m/n/14.4 -- - ----  --
 ---. -
 []


Underfull \hbox (badness 2689) in paragraph at lines 475--476
\T2A/PTSerif-TLF/m/n/14.4 -- ----. --- ---
-  ---
 []

[99]) [100] (./_core.bbl
Underfull \hbox (badness 3977) in paragraph at lines 23--28
[]\T2A/PTSerif-TLF/m/n/14.4  -. -- ---- -
--.  -
 []


Underfull \hbox (badness 3724) in paragraph at lines 23--28
\T2A/PTSerif-TLF/m/n/14.4 --: $http : / / en . wikipedia . org / wiki / 
Optical _ ^^]ow$.  [- ---
 []


Underfull \hbox (badness 1728) in paragraph at lines 39--44
\T2A/PTSerif-TLF/m/n/14.4 --  Habrahabr.  - --: $http :
 / / habrahabr . ru / post /
 []


Underfull \hbox (badness 1584) in paragraph at lines 71--74
[]\T2A/PTSerif-TLF/m/n/14.4 Geiger Andreas, Ziegler Julius, Stiller Christoph. 
StereoScan: Dense 3d
 []

[101]
Underfull \hbox (badness 10000) in paragraph at lines 98--103
[]\T2A/PTSerif-TLF/m/n/14.4  --- ----- -
-. SMP
 []


Underfull \hbox (badness 10000) in paragraph at lines 98--103
\T2A/PTSerif-TLF/m/n/14.4 robotics.  - --: $http : / / www . smprob
otics . ru / technologies /
 []


Underfull \hbox (badness 10000) in paragraph at lines 98--103
\T2A/PTSerif-TLF/m/n/14.4 vizualnoe-[]opredelenie-[]mestopolozheniya-[]robota/$
.  [- ---
 []


Underfull \hbox (badness 10000) in paragraph at lines 151--156
[]\T2A/PTSerif-TLF/m/n/14.4 - --  ---
 -
 []


Underfull \hbox (badness 10000) in paragraph at lines 151--156
\T2A/PTSerif-TLF/m/n/14.4 2.2.2/2.4.1340-03 "----- --- 
 ---
 []


Underfull \hbox (badness 1365) in paragraph at lines 159--164
\T2A/PTSerif-TLF/m/n/14.4 1294-03 "----- ---  --
- -- --
 []

[102]) [103] [104] [110] (./_core.aux) ) 
Here is how much of TeX's memory you used:
 7291 strings out of 493315
 107953 string characters out of 6137905
 173376 words of memory out of 5000000
 10418 multiletter control sequences out of 15000+600000
 79285 words of font info for 67 fonts, out of 8000000 for 9000
 957 hyphenation exceptions out of 8191
 38i,14n,38p,2681b,437s stack positions out of 5000i,500n,10000p,200000b,80000s
{/usr/local/texlive/2013/texmf-dist/fon
ts/enc/dvips/paratype/ptserif_ts1.enc}{/usr/local/texlive/2013/texmf-dist/fonts
/enc/dvips/paratype/ptserif_t2a.enc}{/usr/local/texlive/2013/texmf-dist/fonts/e
nc/dvips/paratype/ptmono_t2a.enc}{/usr/local/texlive/2013/texmf-dist/fonts/enc/
dvips/cm-super/cm-super-t2a.enc}</usr/local/texlive/2013/texmf-dist/fonts/type1
/paratype/ptserif/PTF55F.pfb></usr/local/texlive/2013/texmf-dist/fonts/type1/pa
ratype/ptserif/PTF56F.pfb></usr/local/texlive/2013/texmf-dist/fonts/type1/parat
ype/ptserif/PTF75F.pfb></usr/local/texlive/2013/texmf-dist/fonts/type1/paratype
/ptserif/PTF76F.pfb></usr/local/texlive/2013/texmf-dist/fonts/type1/paratype/pt
mono/PTM55F.pfb></usr/local/texlive/2013/texmf-dist/fonts/type1/public/amsfonts
/cm/cmex10.pfb></usr/local/texlive/2013/texmf-dist/fonts/type1/public/amsfonts/
cm/cmmi10.pfb></usr/local/texlive/2013/texmf-dist/fonts/type1/public/amsfonts/c
m/cmmi12.pfb></usr/local/texlive/2013/texmf-dist/fonts/type1/public/amsfonts/cm
/cmmi7.pfb></usr/local/texlive/2013/texmf-dist/fonts/type1/public/amsfonts/cm/c
mr10.pfb></usr/local/texlive/2013/texmf-dist/fonts/type1/public/amsfonts/cm/cmr
12.pfb></usr/local/texlive/2013/texmf-dist/fonts/type1/public/amsfonts/cm/cmr7.
pfb></usr/local/texlive/2013/texmf-dist/fonts/type1/public/amsfonts/cm/cmsy10.p
fb></usr/local/texlive/2013/texmf-dist/fonts/type1/public/amsfonts/symbols/msam
10.pfb></usr/local/texlive/2013/texmf-dist/fonts/type1/public/cm-super/sfrm1000
.pfb></usr/local/texlive/2013/texmf-dist/fonts/type1/public/cm-super/sfrm1440.p
fb>
Output written on _core.pdf (105 pages, 1524381 bytes).
PDF statistics:
 470 PDF objects out of 1000 (max. 8388607)
 288 compressed objects within 3 object streams
 0 named destinations out of 1000 (max. 500000)
 185 words of extra memory for PDF output out of 10000 (max. 10000000)

